#
# There is insufficient memory for the Java Runtime Environment to continue.
# Native memory allocation (malloc) failed to allocate 1455360 bytes for Chunk::new
# Possible reasons:
#   The system is out of physical RAM or swap space
#   The process is running with CompressedOops enabled, and the Java Heap may be blocking the growth of the native heap
# Possible solutions:
#   Reduce memory load on the system
#   Increase physical memory or swap space
#   Check if swap backing store is full
#   Decrease Java heap size (-Xmx/-Xms)
#   Decrease number of Java threads
#   Decrease Java thread stack sizes (-Xss)
#   Set larger code cache with -XX:ReservedCodeCacheSize=
#   JVM is running with Unscaled Compressed Oops mode in which the Java heap is
#     placed in the first 4GB address space. The Java Heap base address is the
#     maximum limit for the native heap growth. Please use -XX:HeapBaseMinAddress
#     to set the Java Heap base and to place the Java Heap above 4GB virtual address.
# This output file may be truncated or incomplete.
#
#  Out of Memory Error (arena.cpp:189), pid=3132, tid=16192
#
# JRE version: Java(TM) SE Runtime Environment (17.0.8+9) (build 17.0.8+9-LTS-211)
# Java VM: Java HotSpot(TM) 64-Bit Server VM (17.0.8+9-LTS-211, mixed mode, sharing, tiered, compressed oops, compressed class ptrs, g1 gc, windows-amd64)
# No core dump will be written. Minidumps are not enabled by default on client versions of Windows
#

---------------  S U M M A R Y ------------

Command Line: --add-opens=java.base/java.util=ALL-UNNAMED --add-opens=java.base/java.lang=ALL-UNNAMED --add-opens=java.base/java.lang.invoke=ALL-UNNAMED --add-opens=java.prefs/java.util.prefs=ALL-UNNAMED --add-opens=java.base/java.nio.charset=ALL-UNNAMED --add-opens=java.base/java.net=ALL-UNNAMED --add-opens=java.base/java.util.concurrent.atomic=ALL-UNNAMED -XX:MaxMetaspaceSize=256m -XX:+HeapDumpOnOutOfMemoryError -Xms256m -Xmx512m -Dfile.encoding=windows-1252 -Duser.country=CO -Duser.language=es -Duser.variant org.gradle.launcher.daemon.bootstrap.GradleDaemon 7.6

Host: 11th Gen Intel(R) Core(TM) i5-11400H @ 2.70GHz, 12 cores, 7G,  Windows 11 , 64 bit Build 22621 (10.0.22621.2428)
Time: Tue Oct 24 19:29:05 2023 Hora est. Pac斡ico, Sudam本ica elapsed time: 7.699220 seconds (0d 0h 0m 7s)

---------------  T H R E A D  ---------------

Current thread (0x000002a660c08ae0):  JavaThread "C2 CompilerThread0" daemon [_thread_in_native, id=16192, stack(0x000000c739d00000,0x000000c739e00000)]


Current CompileTask:
C2:   7699 5266       4       jdk.internal.org.objectweb.asm.Frame::execute (2305 bytes)

Stack: [0x000000c739d00000,0x000000c739e00000]
Native frames: (J=compiled Java code, j=interpreted, Vv=VM code, C=native code)
V  [jvm.dll+0x677d0a]
V  [jvm.dll+0x7d8c54]
V  [jvm.dll+0x7da3fe]
V  [jvm.dll+0x7daa63]
V  [jvm.dll+0x245c5f]
V  [jvm.dll+0xaaa6b]
V  [jvm.dll+0xab00c]
V  [jvm.dll+0x361e8e]
V  [jvm.dll+0x1bba6a]
V  [jvm.dll+0x218157]
V  [jvm.dll+0x217431]
V  [jvm.dll+0x1a3af0]
V  [jvm.dll+0x2270be]
V  [jvm.dll+0x22535b]
V  [jvm.dll+0x78e7bc]
V  [jvm.dll+0x788bba]
V  [jvm.dll+0x676b35]
C  [ucrtbase.dll+0x29363]
C  [KERNEL32.DLL+0x1257d]
C  [ntdll.dll+0x5aa78]


---------------  P R O C E S S  ---------------

Threads class SMR info:
_java_thread_list=0x000002a67691b060, length=64, elements={
0x000002a643dda3a0, 0x000002a660bddf20, 0x000002a660bdead0, 0x000002a660bf8ed0,
0x000002a660bf9a80, 0x000002a660bfa630, 0x000002a660bff000, 0x000002a660c08ae0,
0x000002a660c12d00, 0x000002a660c17320, 0x000002a6730fc5e0, 0x000002a6730fd2e0,
0x000002a6743ff810, 0x000002a674837ae0, 0x000002a6748f38c0, 0x000002a674878440,
0x000002a67498d0b0, 0x000002a67499c0d0, 0x000002a6749884f0, 0x000002a6748b52f0,
0x000002a6749a1d50, 0x000002a6749a1880, 0x000002a6749a4d70, 0x000002a6749a3a30,
0x000002a6749a2220, 0x000002a6749a48a0, 0x000002a6749a26f0, 0x000002a6749a3560,
0x000002a6749a5240, 0x000002a6749a2bc0, 0x000002a6749a3090, 0x000002a6749a3f00,
0x000002a6749a43d0, 0x000002a674b49870, 0x000002a674b4ef10, 0x000002a674b4f3e0,
0x000002a674b49d40, 0x000002a674b4ba20, 0x000002a674b4f8b0, 0x000002a674b4a6e0,
0x000002a674b4abb0, 0x000002a674b4b080, 0x000002a674b4b550, 0x000002a674b48060,
0x000002a6751f2fc0, 0x000002a6751f3490, 0x000002a673cd5830, 0x000002a67576cc40,
0x000002a67576b900, 0x000002a67576b430, 0x000002a67576c2a0, 0x000002a67576c770,
0x000002a67576bdd0, 0x000002a67645be10, 0x000002a67645b470, 0x000002a67645c2e0,
0x000002a674b4e570, 0x000002a67591dd90, 0x000002a6755548f0, 0x000002a67645e960,
0x000002a674b4cd60, 0x000002a674b48ed0, 0x000002a674b493a0, 0x000002a674b4bef0
}

Java Threads: ( => current thread )
  0x000002a643dda3a0 JavaThread "main" [_thread_blocked, id=12008, stack(0x000000c739000000,0x000000c739100000)]
  0x000002a660bddf20 JavaThread "Reference Handler" daemon [_thread_blocked, id=1864, stack(0x000000c739700000,0x000000c739800000)]
  0x000002a660bdead0 JavaThread "Finalizer" daemon [_thread_blocked, id=11800, stack(0x000000c739800000,0x000000c739900000)]
  0x000002a660bf8ed0 JavaThread "Signal Dispatcher" daemon [_thread_blocked, id=24904, stack(0x000000c739900000,0x000000c739a00000)]
  0x000002a660bf9a80 JavaThread "Attach Listener" daemon [_thread_blocked, id=13004, stack(0x000000c739a00000,0x000000c739b00000)]
  0x000002a660bfa630 JavaThread "Service Thread" daemon [_thread_blocked, id=20172, stack(0x000000c739b00000,0x000000c739c00000)]
  0x000002a660bff000 JavaThread "Monitor Deflation Thread" daemon [_thread_blocked, id=12952, stack(0x000000c739c00000,0x000000c739d00000)]
=>0x000002a660c08ae0 JavaThread "C2 CompilerThread0" daemon [_thread_in_native, id=16192, stack(0x000000c739d00000,0x000000c739e00000)]
  0x000002a660c12d00 JavaThread "C1 CompilerThread0" daemon [_thread_blocked, id=22744, stack(0x000000c739e00000,0x000000c739f00000)]
  0x000002a660c17320 JavaThread "Sweeper thread" daemon [_thread_blocked, id=15200, stack(0x000000c739f00000,0x000000c73a000000)]
  0x000002a6730fc5e0 JavaThread "Common-Cleaner" daemon [_thread_blocked, id=15332, stack(0x000000c73a000000,0x000000c73a100000)]
  0x000002a6730fd2e0 JavaThread "Notification Thread" daemon [_thread_blocked, id=24132, stack(0x000000c73a100000,0x000000c73a200000)]
  0x000002a6743ff810 JavaThread "Daemon health stats" [_thread_blocked, id=19188, stack(0x000000c73a800000,0x000000c73a900000)]
  0x000002a674837ae0 JavaThread "Incoming local TCP Connector on port 58220" [_thread_in_native, id=12932, stack(0x000000c73a900000,0x000000c73aa00000)]
  0x000002a6748f38c0 JavaThread "Daemon periodic checks" [_thread_blocked, id=18136, stack(0x000000c73aa00000,0x000000c73ab00000)]
  0x000002a674878440 JavaThread "Daemon" [_thread_blocked, id=11324, stack(0x000000c73ab00000,0x000000c73ac00000)]
  0x000002a67498d0b0 JavaThread "Handler for socket connection from /127.0.0.1:58220 to /127.0.0.1:58221" [_thread_in_native, id=9712, stack(0x000000c73ac00000,0x000000c73ad00000)]
  0x000002a67499c0d0 JavaThread "Cancel handler" [_thread_blocked, id=23824, stack(0x000000c73ad00000,0x000000c73ae00000)]
  0x000002a6749884f0 JavaThread "Daemon worker" [_thread_blocked, id=10376, stack(0x000000c73ae00000,0x000000c73af00000)]
  0x000002a6748b52f0 JavaThread "Asynchronous log dispatcher for DefaultDaemonConnection: socket connection from /127.0.0.1:58220 to /127.0.0.1:58221" [_thread_blocked, id=21740, stack(0x000000c73af00000,0x000000c73b000000)]
  0x000002a6749a1d50 JavaThread "Stdin handler" [_thread_blocked, id=15180, stack(0x000000c73b000000,0x000000c73b100000)]
  0x000002a6749a1880 JavaThread "Daemon client event forwarder" [_thread_blocked, id=5996, stack(0x000000c73b100000,0x000000c73b200000)]
  0x000002a6749a4d70 JavaThread "Cache worker for journal cache (C:\Users\Iv치n\.gradle\caches\journal-1)" [_thread_blocked, id=19740, stack(0x000000c73b200000,0x000000c73b300000)]
  0x000002a6749a3a30 JavaThread "File lock request listener" [_thread_in_native, id=19424, stack(0x000000c73b300000,0x000000c73b400000)]
  0x000002a6749a2220 JavaThread "Cache worker for file hash cache (C:\Users\Iv치n\.gradle\caches\7.6\fileHashes)" [_thread_blocked, id=24752, stack(0x000000c73b400000,0x000000c73b500000)]
  0x000002a6749a48a0 JavaThread "File watcher server" daemon [_thread_in_native, id=22048, stack(0x000000c73b500000,0x000000c73b600000)]
  0x000002a6749a26f0 JavaThread "File watcher consumer" daemon [_thread_blocked, id=13480, stack(0x000000c73b600000,0x000000c73b700000)]
  0x000002a6749a3560 JavaThread "Cache worker for checksums cache (C:\Users\Iv치n\Downloads\Floristeria_Impresion\Floristeria\.gradle\7.6\checksums)" [_thread_blocked, id=20588, stack(0x000000c73b700000,0x000000c73b800000)]
  0x000002a6749a5240 JavaThread "Cache worker for cache directory md-rule (C:\Users\Iv치n\.gradle\caches\7.6\md-rule)" [_thread_blocked, id=24796, stack(0x000000c73b800000,0x000000c73b900000)]
  0x000002a6749a2bc0 JavaThread "Cache worker for file content cache (C:\Users\Iv치n\.gradle\caches\7.6\fileContent)" [_thread_blocked, id=8020, stack(0x000000c73b900000,0x000000c73ba00000)]
  0x000002a6749a3090 JavaThread "Cache worker for file hash cache (C:\Users\Iv치n\Downloads\Floristeria_Impresion\Floristeria\.gradle\7.6\fileHashes)" [_thread_blocked, id=10404, stack(0x000000c73ba00000,0x000000c73bb00000)]
  0x000002a6749a3f00 JavaThread "Cache worker for cache directory md-supplier (C:\Users\Iv치n\.gradle\caches\7.6\md-supplier)" [_thread_blocked, id=19156, stack(0x000000c73c100000,0x000000c73c200000)]
  0x000002a6749a43d0 JavaThread "Cache worker for execution history cache (C:\Users\Iv치n\.gradle\caches\7.6\executionHistory)" [_thread_blocked, id=21944, stack(0x000000c73c200000,0x000000c73c300000)]
  0x000002a674b49870 JavaThread "jar transforms" [_thread_blocked, id=5728, stack(0x000000c73c300000,0x000000c73c400000)]
  0x000002a674b4ef10 JavaThread "jar transforms Thread 2" [_thread_blocked, id=10764, stack(0x000000c73c400000,0x000000c73c500000)]
  0x000002a674b4f3e0 JavaThread "jar transforms Thread 3" [_thread_blocked, id=14320, stack(0x000000c73c500000,0x000000c73c600000)]
  0x000002a674b49d40 JavaThread "jar transforms Thread 4" [_thread_blocked, id=8028, stack(0x000000c73c600000,0x000000c73c700000)]
  0x000002a674b4ba20 JavaThread "jar transforms Thread 5" [_thread_blocked, id=6804, stack(0x000000c73c700000,0x000000c73c800000)]
  0x000002a674b4f8b0 JavaThread "jar transforms Thread 6" [_thread_blocked, id=17712, stack(0x000000c73c800000,0x000000c73c900000)]
  0x000002a674b4a6e0 JavaThread "jar transforms Thread 7" [_thread_blocked, id=308, stack(0x000000c73c900000,0x000000c73ca00000)]
  0x000002a674b4abb0 JavaThread "jar transforms Thread 8" [_thread_blocked, id=20868, stack(0x000000c73ca00000,0x000000c73cb00000)]
  0x000002a674b4b080 JavaThread "Cache worker for dependencies-accessors (C:\Users\Iv치n\Downloads\Floristeria_Impresion\Floristeria\.gradle\7.6\dependencies-accessors)" [_thread_blocked, id=320, stack(0x000000c73cb00000,0x000000c73cc00000)]
  0x000002a674b4b550 JavaThread "jar transforms Thread 9" [_thread_blocked, id=19068, stack(0x000000c73cc00000,0x000000c73cd00000)]
  0x000002a674b48060 JavaThread "Cache worker for Build Output Cleanup Cache (C:\Users\Iv치n\Downloads\Floristeria_Impresion\Floristeria\.gradle\buildOutputCleanup)" [_thread_blocked, id=15644, stack(0x000000c73cd00000,0x000000c73ce00000)]
  0x000002a6751f2fc0 JavaThread "Memory manager" [_thread_blocked, id=20396, stack(0x000000c73ce00000,0x000000c73cf00000)]
  0x000002a6751f3490 JavaThread "jar transforms Thread 10" [_thread_blocked, id=26820, stack(0x000000c73cf00000,0x000000c73d000000)]
  0x000002a673cd5830 JavaThread "included builds" [_thread_blocked, id=17372, stack(0x000000c73d000000,0x000000c73d100000)]
  0x000002a67576cc40 JavaThread "Execution worker" [_thread_blocked, id=27820, stack(0x000000c73d100000,0x000000c73d200000)]
  0x000002a67576b900 JavaThread "Execution worker Thread 2" [_thread_blocked, id=15664, stack(0x000000c73d200000,0x000000c73d300000)]
  0x000002a67576b430 JavaThread "Execution worker Thread 3" [_thread_blocked, id=21880, stack(0x000000c73d300000,0x000000c73d400000)]
  0x000002a67576c2a0 JavaThread "Execution worker Thread 4" [_thread_blocked, id=23788, stack(0x000000c73d400000,0x000000c73d500000)]
  0x000002a67576c770 JavaThread "Execution worker Thread 5" [_thread_blocked, id=20948, stack(0x000000c73d500000,0x000000c73d600000)]
  0x000002a67576bdd0 JavaThread "Execution worker Thread 6" [_thread_blocked, id=13688, stack(0x000000c73d600000,0x000000c73d700000)]
  0x000002a67645be10 JavaThread "Execution worker Thread 7" [_thread_blocked, id=16444, stack(0x000000c73d700000,0x000000c73d800000)]
  0x000002a67645b470 JavaThread "Execution worker Thread 8" [_thread_blocked, id=5564, stack(0x000000c73d800000,0x000000c73d900000)]
  0x000002a67645c2e0 JavaThread "Execution worker Thread 9" [_thread_blocked, id=26884, stack(0x000000c73d900000,0x000000c73da00000)]
  0x000002a674b4e570 JavaThread "Execution worker Thread 10" [_thread_blocked, id=21280, stack(0x000000c73da00000,0x000000c73db00000)]
  0x000002a67591dd90 JavaThread "Execution worker Thread 11" [_thread_blocked, id=19952, stack(0x000000c73db00000,0x000000c73dc00000)]
  0x000002a6755548f0 JavaThread "Cache worker for execution history cache (C:\Users\Iv치n\Downloads\Floristeria_Impresion\Floristeria\.gradle\7.6\executionHistory)" [_thread_blocked, id=2872, stack(0x000000c73dc00000,0x000000c73dd00000)]
  0x000002a67645e960 JavaThread "Exec process" [_thread_in_native, id=13620, stack(0x000000c73dd00000,0x000000c73de00000)]
  0x000002a674b4cd60 JavaThread "DisconnectableInputStream source reader" daemon [_thread_blocked, id=22252, stack(0x000000c73de00000,0x000000c73df00000)]
  0x000002a674b48ed0 JavaThread "Exec process Thread 2" [_thread_blocked, id=15252, stack(0x000000c73df00000,0x000000c73e000000)]
  0x000002a674b493a0 JavaThread "Exec process Thread 3" [_thread_in_native, id=20204, stack(0x000000c73e000000,0x000000c73e100000)]
  0x000002a674b4bef0 JavaThread "Exec process Thread 4" [_thread_in_native, id=21472, stack(0x000000c73e100000,0x000000c73e200000)]

Other Threads:
  0x000002a660bd9080 VMThread "VM Thread" [stack: 0x000000c739600000,0x000000c739700000] [id=6252]
  0x000002a6731057a0 WatcherThread [stack: 0x000000c73a200000,0x000000c73a300000] [id=13344]
  0x000002a645eeaef0 GCTaskThread "GC Thread#0" [stack: 0x000000c739100000,0x000000c739200000] [id=25760]
  0x000002a6739a92a0 GCTaskThread "GC Thread#1" [stack: 0x000000c73a300000,0x000000c73a400000] [id=21988]
  0x000002a6739a9550 GCTaskThread "GC Thread#2" [stack: 0x000000c73a400000,0x000000c73a500000] [id=21528]
  0x000002a673e25c80 GCTaskThread "GC Thread#3" [stack: 0x000000c73a500000,0x000000c73a600000] [id=18536]
  0x000002a673e25f30 GCTaskThread "GC Thread#4" [stack: 0x000000c73a600000,0x000000c73a700000] [id=5732]
  0x000002a673bfe4f0 GCTaskThread "GC Thread#5" [stack: 0x000000c73a700000,0x000000c73a800000] [id=24600]
  0x000002a67495fbc0 GCTaskThread "GC Thread#6" [stack: 0x000000c73bb00000,0x000000c73bc00000] [id=2764]
  0x000002a676209e10 GCTaskThread "GC Thread#7" [stack: 0x000000c73bc00000,0x000000c73bd00000] [id=8808]
  0x000002a67620a8d0 GCTaskThread "GC Thread#8" [stack: 0x000000c73bd00000,0x000000c73be00000] [id=4308]
  0x000002a676207870 GCTaskThread "GC Thread#9" [stack: 0x000000c73be00000,0x000000c73bf00000] [id=10300]
  0x000002a645ef0e40 ConcurrentGCThread "G1 Main Marker" [stack: 0x000000c739200000,0x000000c739300000] [id=17000]
  0x000002a645ef1850 ConcurrentGCThread "G1 Conc#0" [stack: 0x000000c739300000,0x000000c739400000] [id=15692]
  0x000002a676208b40 ConcurrentGCThread "G1 Conc#1" [stack: 0x000000c73bf00000,0x000000c73c000000] [id=25188]
  0x000002a67620ab80 ConcurrentGCThread "G1 Conc#2" [stack: 0x000000c73c000000,0x000000c73c100000] [id=24556]
  0x000002a645f8e590 ConcurrentGCThread "G1 Refine#0" [stack: 0x000000c739400000,0x000000c739500000] [id=20992]
  0x000002a660a9e120 ConcurrentGCThread "G1 Service" [stack: 0x000000c739500000,0x000000c739600000] [id=15080]

Threads with active compile tasks:
C2 CompilerThread0     7731 5266       4       jdk.internal.org.objectweb.asm.Frame::execute (2305 bytes)

VM state: not at safepoint (normal execution)

VM Mutex/Monitor currently owned by a thread: None

Heap address: 0x00000000e0000000, size: 512 MB, Compressed Oops mode: 32-bit

CDS archive(s) mapped at: [0x000002a661000000-0x000002a661bd0000-0x000002a661bd0000), size 12386304, SharedBaseAddress: 0x000002a661000000, ArchiveRelocationMode: 1.
Compressed class space mapped at: 0x000002a662000000-0x000002a66f000000, reserved size: 218103808
Narrow klass base: 0x000002a661000000, Narrow klass shift: 0, Narrow klass range: 0x100000000

GC Precious Log:
 CPUs: 12 total, 12 available
 Memory: 7955M
 Large Page Support: Disabled
 NUMA Support: Disabled
 Compressed Oops: Enabled (32-bit)
 Heap Region Size: 1M
 Heap Min Capacity: 256M
 Heap Initial Capacity: 256M
 Heap Max Capacity: 512M
 Pre-touch: Disabled
 Parallel Workers: 10
 Concurrent Workers: 3
 Concurrent Refinement Workers: 10
 Periodic GC: Disabled

Heap:
 garbage-first heap   total 262144K, used 133423K [0x00000000e0000000, 0x0000000100000000)
  region size 1024K, 103 young (105472K), 1 survivors (1024K)
 Metaspace       used 45069K, committed 45568K, reserved 278528K
  class space    used 6466K, committed 6720K, reserved 212992K

Heap Regions: E=young(eden), S=young(survivor), O=old, HS=humongous(starts), HC=humongous(continues), CS=collection set, F=free, OA=open archive, CA=closed archive, TAMS=top-at-mark-start (previous, next)
|   0|0x00000000e0000000, 0x00000000e0100000, 0x00000000e0100000|100%|HS|  |TAMS 0x00000000e0100000, 0x00000000e0000000| Complete 
|   1|0x00000000e0100000, 0x00000000e0200000, 0x00000000e0200000|100%|HC|  |TAMS 0x00000000e0200000, 0x00000000e0100000| Complete 
|   2|0x00000000e0200000, 0x00000000e0300000, 0x00000000e0300000|100%|HC|  |TAMS 0x00000000e0300000, 0x00000000e0200000| Complete 
|   3|0x00000000e0300000, 0x00000000e0400000, 0x00000000e0400000|100%| O|  |TAMS 0x00000000e0400000, 0x00000000e0300000| Untracked 
|   4|0x00000000e0400000, 0x00000000e0500000, 0x00000000e0500000|100%| O|  |TAMS 0x00000000e0500000, 0x00000000e0400000| Untracked 
|   5|0x00000000e0500000, 0x00000000e0600000, 0x00000000e0600000|100%| O|  |TAMS 0x00000000e0600000, 0x00000000e0500000| Untracked 
|   6|0x00000000e0600000, 0x00000000e0700000, 0x00000000e0700000|100%| O|  |TAMS 0x00000000e0700000, 0x00000000e0600000| Untracked 
|   7|0x00000000e0700000, 0x00000000e0700000, 0x00000000e0800000|  0%| F|  |TAMS 0x00000000e0700000, 0x00000000e0700000| Untracked 
|   8|0x00000000e0800000, 0x00000000e0900000, 0x00000000e0900000|100%| O|  |TAMS 0x00000000e0900000, 0x00000000e0800000| Untracked 
|   9|0x00000000e0900000, 0x00000000e0a00000, 0x00000000e0a00000|100%| O|  |TAMS 0x00000000e0a00000, 0x00000000e0900000| Untracked 
|  10|0x00000000e0a00000, 0x00000000e0b00000, 0x00000000e0b00000|100%| O|  |TAMS 0x00000000e0b00000, 0x00000000e0a00000| Untracked 
|  11|0x00000000e0b00000, 0x00000000e0c00000, 0x00000000e0c00000|100%| O|  |TAMS 0x00000000e0c00000, 0x00000000e0b00000| Untracked 
|  12|0x00000000e0c00000, 0x00000000e0d00000, 0x00000000e0d00000|100%| O|  |TAMS 0x00000000e0d00000, 0x00000000e0c00000| Untracked 
|  13|0x00000000e0d00000, 0x00000000e0e00000, 0x00000000e0e00000|100%| O|  |TAMS 0x00000000e0e00000, 0x00000000e0d00000| Untracked 
|  14|0x00000000e0e00000, 0x00000000e0f00000, 0x00000000e0f00000|100%| O|  |TAMS 0x00000000e0f00000, 0x00000000e0e00000| Complete 
|  15|0x00000000e0f00000, 0x00000000e1000000, 0x00000000e1000000|100%| O|  |TAMS 0x00000000e1000000, 0x00000000e0f00000| Untracked 
|  16|0x00000000e1000000, 0x00000000e1100000, 0x00000000e1100000|100%| O|  |TAMS 0x00000000e1100000, 0x00000000e1000000| Untracked 
|  17|0x00000000e1100000, 0x00000000e1200000, 0x00000000e1200000|100%| O|  |TAMS 0x00000000e1200000, 0x00000000e1100000| Untracked 
|  18|0x00000000e1200000, 0x00000000e1300000, 0x00000000e1300000|100%| O|  |TAMS 0x00000000e1300000, 0x00000000e1200000| Untracked 
|  19|0x00000000e1300000, 0x00000000e1400000, 0x00000000e1400000|100%| O|  |TAMS 0x00000000e1400000, 0x00000000e1300000| Untracked 
|  20|0x00000000e1400000, 0x00000000e1500000, 0x00000000e1500000|100%| O|  |TAMS 0x00000000e1500000, 0x00000000e1400000| Untracked 
|  21|0x00000000e1500000, 0x00000000e1600000, 0x00000000e1600000|100%| O|  |TAMS 0x00000000e1600000, 0x00000000e1500000| Untracked 
|  22|0x00000000e1600000, 0x00000000e1700000, 0x00000000e1700000|100%| O|  |TAMS 0x00000000e1700000, 0x00000000e1600000| Untracked 
|  23|0x00000000e1700000, 0x00000000e1800000, 0x00000000e1800000|100%| O|  |TAMS 0x00000000e1800000, 0x00000000e1700000| Untracked 
|  24|0x00000000e1800000, 0x00000000e1900000, 0x00000000e1900000|100%| O|  |TAMS 0x00000000e1900000, 0x00000000e1800000| Untracked 
|  25|0x00000000e1900000, 0x00000000e1a00000, 0x00000000e1a00000|100%| O|  |TAMS 0x00000000e1a00000, 0x00000000e1900000| Untracked 
|  26|0x00000000e1a00000, 0x00000000e1b00000, 0x00000000e1b00000|100%| O|  |TAMS 0x00000000e1b00000, 0x00000000e1a00000| Untracked 
|  27|0x00000000e1b00000, 0x00000000e1c00000, 0x00000000e1c00000|100%| O|  |TAMS 0x00000000e1c00000, 0x00000000e1b00000| Untracked 
|  28|0x00000000e1c00000, 0x00000000e1d00000, 0x00000000e1d00000|100%| O|  |TAMS 0x00000000e1d00000, 0x00000000e1c00000| Untracked 
|  29|0x00000000e1d00000, 0x00000000e1db3600, 0x00000000e1e00000| 70%| O|  |TAMS 0x00000000e1db3600, 0x00000000e1d00000| Untracked 
|  30|0x00000000e1e00000, 0x00000000e1e00000, 0x00000000e1f00000|  0%| F|  |TAMS 0x00000000e1e00000, 0x00000000e1e00000| Untracked 
|  31|0x00000000e1f00000, 0x00000000e1f00000, 0x00000000e2000000|  0%| F|  |TAMS 0x00000000e1f00000, 0x00000000e1f00000| Untracked 
|  32|0x00000000e2000000, 0x00000000e2000000, 0x00000000e2100000|  0%| F|  |TAMS 0x00000000e2000000, 0x00000000e2000000| Untracked 
|  33|0x00000000e2100000, 0x00000000e2100000, 0x00000000e2200000|  0%| F|  |TAMS 0x00000000e2100000, 0x00000000e2100000| Untracked 
|  34|0x00000000e2200000, 0x00000000e2200000, 0x00000000e2300000|  0%| F|  |TAMS 0x00000000e2200000, 0x00000000e2200000| Untracked 
|  35|0x00000000e2300000, 0x00000000e2300000, 0x00000000e2400000|  0%| F|  |TAMS 0x00000000e2300000, 0x00000000e2300000| Untracked 
|  36|0x00000000e2400000, 0x00000000e2400000, 0x00000000e2500000|  0%| F|  |TAMS 0x00000000e2400000, 0x00000000e2400000| Untracked 
|  37|0x00000000e2500000, 0x00000000e2500000, 0x00000000e2600000|  0%| F|  |TAMS 0x00000000e2500000, 0x00000000e2500000| Untracked 
|  38|0x00000000e2600000, 0x00000000e2600000, 0x00000000e2700000|  0%| F|  |TAMS 0x00000000e2600000, 0x00000000e2600000| Untracked 
|  39|0x00000000e2700000, 0x00000000e2700000, 0x00000000e2800000|  0%| F|  |TAMS 0x00000000e2700000, 0x00000000e2700000| Untracked 
|  40|0x00000000e2800000, 0x00000000e2800000, 0x00000000e2900000|  0%| F|  |TAMS 0x00000000e2800000, 0x00000000e2800000| Untracked 
|  41|0x00000000e2900000, 0x00000000e2900000, 0x00000000e2a00000|  0%| F|  |TAMS 0x00000000e2900000, 0x00000000e2900000| Untracked 
|  42|0x00000000e2a00000, 0x00000000e2a00000, 0x00000000e2b00000|  0%| F|  |TAMS 0x00000000e2a00000, 0x00000000e2a00000| Untracked 
|  43|0x00000000e2b00000, 0x00000000e2b00000, 0x00000000e2c00000|  0%| F|  |TAMS 0x00000000e2b00000, 0x00000000e2b00000| Untracked 
|  44|0x00000000e2c00000, 0x00000000e2c00000, 0x00000000e2d00000|  0%| F|  |TAMS 0x00000000e2c00000, 0x00000000e2c00000| Untracked 
|  45|0x00000000e2d00000, 0x00000000e2d00000, 0x00000000e2e00000|  0%| F|  |TAMS 0x00000000e2d00000, 0x00000000e2d00000| Untracked 
|  46|0x00000000e2e00000, 0x00000000e2e00000, 0x00000000e2f00000|  0%| F|  |TAMS 0x00000000e2e00000, 0x00000000e2e00000| Untracked 
|  47|0x00000000e2f00000, 0x00000000e2f00000, 0x00000000e3000000|  0%| F|  |TAMS 0x00000000e2f00000, 0x00000000e2f00000| Untracked 
|  48|0x00000000e3000000, 0x00000000e3000000, 0x00000000e3100000|  0%| F|  |TAMS 0x00000000e3000000, 0x00000000e3000000| Untracked 
|  49|0x00000000e3100000, 0x00000000e3100000, 0x00000000e3200000|  0%| F|  |TAMS 0x00000000e3100000, 0x00000000e3100000| Untracked 
|  50|0x00000000e3200000, 0x00000000e3200000, 0x00000000e3300000|  0%| F|  |TAMS 0x00000000e3200000, 0x00000000e3200000| Untracked 
|  51|0x00000000e3300000, 0x00000000e3300000, 0x00000000e3400000|  0%| F|  |TAMS 0x00000000e3300000, 0x00000000e3300000| Untracked 
|  52|0x00000000e3400000, 0x00000000e3400000, 0x00000000e3500000|  0%| F|  |TAMS 0x00000000e3400000, 0x00000000e3400000| Untracked 
|  53|0x00000000e3500000, 0x00000000e3500000, 0x00000000e3600000|  0%| F|  |TAMS 0x00000000e3500000, 0x00000000e3500000| Untracked 
|  54|0x00000000e3600000, 0x00000000e3600000, 0x00000000e3700000|  0%| F|  |TAMS 0x00000000e3600000, 0x00000000e3600000| Untracked 
|  55|0x00000000e3700000, 0x00000000e3700000, 0x00000000e3800000|  0%| F|  |TAMS 0x00000000e3700000, 0x00000000e3700000| Untracked 
|  56|0x00000000e3800000, 0x00000000e3800000, 0x00000000e3900000|  0%| F|  |TAMS 0x00000000e3800000, 0x00000000e3800000| Untracked 
|  57|0x00000000e3900000, 0x00000000e3900000, 0x00000000e3a00000|  0%| F|  |TAMS 0x00000000e3900000, 0x00000000e3900000| Untracked 
|  58|0x00000000e3a00000, 0x00000000e3a00000, 0x00000000e3b00000|  0%| F|  |TAMS 0x00000000e3a00000, 0x00000000e3a00000| Untracked 
|  59|0x00000000e3b00000, 0x00000000e3b00000, 0x00000000e3c00000|  0%| F|  |TAMS 0x00000000e3b00000, 0x00000000e3b00000| Untracked 
|  60|0x00000000e3c00000, 0x00000000e3c00000, 0x00000000e3d00000|  0%| F|  |TAMS 0x00000000e3c00000, 0x00000000e3c00000| Untracked 
|  61|0x00000000e3d00000, 0x00000000e3d00000, 0x00000000e3e00000|  0%| F|  |TAMS 0x00000000e3d00000, 0x00000000e3d00000| Untracked 
|  62|0x00000000e3e00000, 0x00000000e3e00000, 0x00000000e3f00000|  0%| F|  |TAMS 0x00000000e3e00000, 0x00000000e3e00000| Untracked 
|  63|0x00000000e3f00000, 0x00000000e3f00000, 0x00000000e4000000|  0%| F|  |TAMS 0x00000000e3f00000, 0x00000000e3f00000| Untracked 
|  64|0x00000000e4000000, 0x00000000e4000000, 0x00000000e4100000|  0%| F|  |TAMS 0x00000000e4000000, 0x00000000e4000000| Untracked 
|  65|0x00000000e4100000, 0x00000000e4100000, 0x00000000e4200000|  0%| F|  |TAMS 0x00000000e4100000, 0x00000000e4100000| Untracked 
|  66|0x00000000e4200000, 0x00000000e4200000, 0x00000000e4300000|  0%| F|  |TAMS 0x00000000e4200000, 0x00000000e4200000| Untracked 
|  67|0x00000000e4300000, 0x00000000e4300000, 0x00000000e4400000|  0%| F|  |TAMS 0x00000000e4300000, 0x00000000e4300000| Untracked 
|  68|0x00000000e4400000, 0x00000000e4400000, 0x00000000e4500000|  0%| F|  |TAMS 0x00000000e4400000, 0x00000000e4400000| Untracked 
|  69|0x00000000e4500000, 0x00000000e4500000, 0x00000000e4600000|  0%| F|  |TAMS 0x00000000e4500000, 0x00000000e4500000| Untracked 
|  70|0x00000000e4600000, 0x00000000e4600000, 0x00000000e4700000|  0%| F|  |TAMS 0x00000000e4600000, 0x00000000e4600000| Untracked 
|  71|0x00000000e4700000, 0x00000000e4700000, 0x00000000e4800000|  0%| F|  |TAMS 0x00000000e4700000, 0x00000000e4700000| Untracked 
|  72|0x00000000e4800000, 0x00000000e4800000, 0x00000000e4900000|  0%| F|  |TAMS 0x00000000e4800000, 0x00000000e4800000| Untracked 
|  73|0x00000000e4900000, 0x00000000e4900000, 0x00000000e4a00000|  0%| F|  |TAMS 0x00000000e4900000, 0x00000000e4900000| Untracked 
|  74|0x00000000e4a00000, 0x00000000e4a00000, 0x00000000e4b00000|  0%| F|  |TAMS 0x00000000e4a00000, 0x00000000e4a00000| Untracked 
|  75|0x00000000e4b00000, 0x00000000e4b00000, 0x00000000e4c00000|  0%| F|  |TAMS 0x00000000e4b00000, 0x00000000e4b00000| Untracked 
|  76|0x00000000e4c00000, 0x00000000e4c00000, 0x00000000e4d00000|  0%| F|  |TAMS 0x00000000e4c00000, 0x00000000e4c00000| Untracked 
|  77|0x00000000e4d00000, 0x00000000e4d00000, 0x00000000e4e00000|  0%| F|  |TAMS 0x00000000e4d00000, 0x00000000e4d00000| Untracked 
|  78|0x00000000e4e00000, 0x00000000e4e00000, 0x00000000e4f00000|  0%| F|  |TAMS 0x00000000e4e00000, 0x00000000e4e00000| Untracked 
|  79|0x00000000e4f00000, 0x00000000e4f00000, 0x00000000e5000000|  0%| F|  |TAMS 0x00000000e4f00000, 0x00000000e4f00000| Untracked 
|  80|0x00000000e5000000, 0x00000000e5000000, 0x00000000e5100000|  0%| F|  |TAMS 0x00000000e5000000, 0x00000000e5000000| Untracked 
|  81|0x00000000e5100000, 0x00000000e5100000, 0x00000000e5200000|  0%| F|  |TAMS 0x00000000e5100000, 0x00000000e5100000| Untracked 
|  82|0x00000000e5200000, 0x00000000e5200000, 0x00000000e5300000|  0%| F|  |TAMS 0x00000000e5200000, 0x00000000e5200000| Untracked 
|  83|0x00000000e5300000, 0x00000000e5300000, 0x00000000e5400000|  0%| F|  |TAMS 0x00000000e5300000, 0x00000000e5300000| Untracked 
|  84|0x00000000e5400000, 0x00000000e5400000, 0x00000000e5500000|  0%| F|  |TAMS 0x00000000e5400000, 0x00000000e5400000| Untracked 
|  85|0x00000000e5500000, 0x00000000e5500000, 0x00000000e5600000|  0%| F|  |TAMS 0x00000000e5500000, 0x00000000e5500000| Untracked 
|  86|0x00000000e5600000, 0x00000000e5600000, 0x00000000e5700000|  0%| F|  |TAMS 0x00000000e5600000, 0x00000000e5600000| Untracked 
|  87|0x00000000e5700000, 0x00000000e5700000, 0x00000000e5800000|  0%| F|  |TAMS 0x00000000e5700000, 0x00000000e5700000| Untracked 
|  88|0x00000000e5800000, 0x00000000e5800000, 0x00000000e5900000|  0%| F|  |TAMS 0x00000000e5800000, 0x00000000e5800000| Untracked 
|  89|0x00000000e5900000, 0x00000000e5900000, 0x00000000e5a00000|  0%| F|  |TAMS 0x00000000e5900000, 0x00000000e5900000| Untracked 
|  90|0x00000000e5a00000, 0x00000000e5a00000, 0x00000000e5b00000|  0%| F|  |TAMS 0x00000000e5a00000, 0x00000000e5a00000| Untracked 
|  91|0x00000000e5b00000, 0x00000000e5b00000, 0x00000000e5c00000|  0%| F|  |TAMS 0x00000000e5b00000, 0x00000000e5b00000| Untracked 
|  92|0x00000000e5c00000, 0x00000000e5c00000, 0x00000000e5d00000|  0%| F|  |TAMS 0x00000000e5c00000, 0x00000000e5c00000| Untracked 
|  93|0x00000000e5d00000, 0x00000000e5d00000, 0x00000000e5e00000|  0%| F|  |TAMS 0x00000000e5d00000, 0x00000000e5d00000| Untracked 
|  94|0x00000000e5e00000, 0x00000000e5e00000, 0x00000000e5f00000|  0%| F|  |TAMS 0x00000000e5e00000, 0x00000000e5e00000| Untracked 
|  95|0x00000000e5f00000, 0x00000000e5f00000, 0x00000000e6000000|  0%| F|  |TAMS 0x00000000e5f00000, 0x00000000e5f00000| Untracked 
|  96|0x00000000e6000000, 0x00000000e6000000, 0x00000000e6100000|  0%| F|  |TAMS 0x00000000e6000000, 0x00000000e6000000| Untracked 
|  97|0x00000000e6100000, 0x00000000e6100000, 0x00000000e6200000|  0%| F|  |TAMS 0x00000000e6100000, 0x00000000e6100000| Untracked 
|  98|0x00000000e6200000, 0x00000000e6200000, 0x00000000e6300000|  0%| F|  |TAMS 0x00000000e6200000, 0x00000000e6200000| Untracked 
|  99|0x00000000e6300000, 0x00000000e6300000, 0x00000000e6400000|  0%| F|  |TAMS 0x00000000e6300000, 0x00000000e6300000| Untracked 
| 100|0x00000000e6400000, 0x00000000e6400000, 0x00000000e6500000|  0%| F|  |TAMS 0x00000000e6400000, 0x00000000e6400000| Untracked 
| 101|0x00000000e6500000, 0x00000000e6500000, 0x00000000e6600000|  0%| F|  |TAMS 0x00000000e6500000, 0x00000000e6500000| Untracked 
| 102|0x00000000e6600000, 0x00000000e6600000, 0x00000000e6700000|  0%| F|  |TAMS 0x00000000e6600000, 0x00000000e6600000| Untracked 
| 103|0x00000000e6700000, 0x00000000e6700000, 0x00000000e6800000|  0%| F|  |TAMS 0x00000000e6700000, 0x00000000e6700000| Untracked 
| 104|0x00000000e6800000, 0x00000000e6800000, 0x00000000e6900000|  0%| F|  |TAMS 0x00000000e6800000, 0x00000000e6800000| Untracked 
| 105|0x00000000e6900000, 0x00000000e6900000, 0x00000000e6a00000|  0%| F|  |TAMS 0x00000000e6900000, 0x00000000e6900000| Untracked 
| 106|0x00000000e6a00000, 0x00000000e6a00000, 0x00000000e6b00000|  0%| F|  |TAMS 0x00000000e6a00000, 0x00000000e6a00000| Untracked 
| 107|0x00000000e6b00000, 0x00000000e6b00000, 0x00000000e6c00000|  0%| F|  |TAMS 0x00000000e6b00000, 0x00000000e6b00000| Untracked 
| 108|0x00000000e6c00000, 0x00000000e6c00000, 0x00000000e6d00000|  0%| F|  |TAMS 0x00000000e6c00000, 0x00000000e6c00000| Untracked 
| 109|0x00000000e6d00000, 0x00000000e6d00000, 0x00000000e6e00000|  0%| F|  |TAMS 0x00000000e6d00000, 0x00000000e6d00000| Untracked 
| 110|0x00000000e6e00000, 0x00000000e6e00000, 0x00000000e6f00000|  0%| F|  |TAMS 0x00000000e6e00000, 0x00000000e6e00000| Untracked 
| 111|0x00000000e6f00000, 0x00000000e6f00000, 0x00000000e7000000|  0%| F|  |TAMS 0x00000000e6f00000, 0x00000000e6f00000| Untracked 
| 112|0x00000000e7000000, 0x00000000e7000000, 0x00000000e7100000|  0%| F|  |TAMS 0x00000000e7000000, 0x00000000e7000000| Untracked 
| 113|0x00000000e7100000, 0x00000000e7100000, 0x00000000e7200000|  0%| F|  |TAMS 0x00000000e7100000, 0x00000000e7100000| Untracked 
| 114|0x00000000e7200000, 0x00000000e7200000, 0x00000000e7300000|  0%| F|  |TAMS 0x00000000e7200000, 0x00000000e7200000| Untracked 
| 115|0x00000000e7300000, 0x00000000e7300000, 0x00000000e7400000|  0%| F|  |TAMS 0x00000000e7300000, 0x00000000e7300000| Untracked 
| 116|0x00000000e7400000, 0x00000000e7400000, 0x00000000e7500000|  0%| F|  |TAMS 0x00000000e7400000, 0x00000000e7400000| Untracked 
| 117|0x00000000e7500000, 0x00000000e7500000, 0x00000000e7600000|  0%| F|  |TAMS 0x00000000e7500000, 0x00000000e7500000| Untracked 
| 118|0x00000000e7600000, 0x00000000e7600000, 0x00000000e7700000|  0%| F|  |TAMS 0x00000000e7600000, 0x00000000e7600000| Untracked 
| 119|0x00000000e7700000, 0x00000000e7700000, 0x00000000e7800000|  0%| F|  |TAMS 0x00000000e7700000, 0x00000000e7700000| Untracked 
| 120|0x00000000e7800000, 0x00000000e7800000, 0x00000000e7900000|  0%| F|  |TAMS 0x00000000e7800000, 0x00000000e7800000| Untracked 
| 121|0x00000000e7900000, 0x00000000e7900000, 0x00000000e7a00000|  0%| F|  |TAMS 0x00000000e7900000, 0x00000000e7900000| Untracked 
| 122|0x00000000e7a00000, 0x00000000e7a00000, 0x00000000e7b00000|  0%| F|  |TAMS 0x00000000e7a00000, 0x00000000e7a00000| Untracked 
| 123|0x00000000e7b00000, 0x00000000e7b00000, 0x00000000e7c00000|  0%| F|  |TAMS 0x00000000e7b00000, 0x00000000e7b00000| Untracked 
| 124|0x00000000e7c00000, 0x00000000e7c00000, 0x00000000e7d00000|  0%| F|  |TAMS 0x00000000e7c00000, 0x00000000e7c00000| Untracked 
| 125|0x00000000e7d00000, 0x00000000e7d00000, 0x00000000e7e00000|  0%| F|  |TAMS 0x00000000e7d00000, 0x00000000e7d00000| Untracked 
| 126|0x00000000e7e00000, 0x00000000e7e00000, 0x00000000e7f00000|  0%| F|  |TAMS 0x00000000e7e00000, 0x00000000e7e00000| Untracked 
| 127|0x00000000e7f00000, 0x00000000e7f00000, 0x00000000e8000000|  0%| F|  |TAMS 0x00000000e7f00000, 0x00000000e7f00000| Untracked 
| 128|0x00000000e8000000, 0x00000000e8000000, 0x00000000e8100000|  0%| F|  |TAMS 0x00000000e8000000, 0x00000000e8000000| Untracked 
| 129|0x00000000e8100000, 0x00000000e8100000, 0x00000000e8200000|  0%| F|  |TAMS 0x00000000e8100000, 0x00000000e8100000| Untracked 
| 130|0x00000000e8200000, 0x00000000e8200000, 0x00000000e8300000|  0%| F|  |TAMS 0x00000000e8200000, 0x00000000e8200000| Untracked 
| 131|0x00000000e8300000, 0x00000000e8300000, 0x00000000e8400000|  0%| F|  |TAMS 0x00000000e8300000, 0x00000000e8300000| Untracked 
| 132|0x00000000e8400000, 0x00000000e8400000, 0x00000000e8500000|  0%| F|  |TAMS 0x00000000e8400000, 0x00000000e8400000| Untracked 
| 133|0x00000000e8500000, 0x00000000e8500000, 0x00000000e8600000|  0%| F|  |TAMS 0x00000000e8500000, 0x00000000e8500000| Untracked 
| 134|0x00000000e8600000, 0x00000000e8600000, 0x00000000e8700000|  0%| F|  |TAMS 0x00000000e8600000, 0x00000000e8600000| Untracked 
| 135|0x00000000e8700000, 0x00000000e8700000, 0x00000000e8800000|  0%| F|  |TAMS 0x00000000e8700000, 0x00000000e8700000| Untracked 
| 136|0x00000000e8800000, 0x00000000e8800000, 0x00000000e8900000|  0%| F|  |TAMS 0x00000000e8800000, 0x00000000e8800000| Untracked 
| 137|0x00000000e8900000, 0x00000000e8900000, 0x00000000e8a00000|  0%| F|  |TAMS 0x00000000e8900000, 0x00000000e8900000| Untracked 
| 138|0x00000000e8a00000, 0x00000000e8a00000, 0x00000000e8b00000|  0%| F|  |TAMS 0x00000000e8a00000, 0x00000000e8a00000| Untracked 
| 139|0x00000000e8b00000, 0x00000000e8b00000, 0x00000000e8c00000|  0%| F|  |TAMS 0x00000000e8b00000, 0x00000000e8b00000| Untracked 
| 140|0x00000000e8c00000, 0x00000000e8c00000, 0x00000000e8d00000|  0%| F|  |TAMS 0x00000000e8c00000, 0x00000000e8c00000| Untracked 
| 141|0x00000000e8d00000, 0x00000000e8d00000, 0x00000000e8e00000|  0%| F|  |TAMS 0x00000000e8d00000, 0x00000000e8d00000| Untracked 
| 142|0x00000000e8e00000, 0x00000000e8e00000, 0x00000000e8f00000|  0%| F|  |TAMS 0x00000000e8e00000, 0x00000000e8e00000| Untracked 
| 143|0x00000000e8f00000, 0x00000000e8f00000, 0x00000000e9000000|  0%| F|  |TAMS 0x00000000e8f00000, 0x00000000e8f00000| Untracked 
| 144|0x00000000e9000000, 0x00000000e9000000, 0x00000000e9100000|  0%| F|  |TAMS 0x00000000e9000000, 0x00000000e9000000| Untracked 
| 145|0x00000000e9100000, 0x00000000e9100000, 0x00000000e9200000|  0%| F|  |TAMS 0x00000000e9100000, 0x00000000e9100000| Untracked 
| 146|0x00000000e9200000, 0x00000000e9200000, 0x00000000e9300000|  0%| F|  |TAMS 0x00000000e9200000, 0x00000000e9200000| Untracked 
| 147|0x00000000e9300000, 0x00000000e9300000, 0x00000000e9400000|  0%| F|  |TAMS 0x00000000e9300000, 0x00000000e9300000| Untracked 
| 148|0x00000000e9400000, 0x00000000e9400000, 0x00000000e9500000|  0%| F|  |TAMS 0x00000000e9400000, 0x00000000e9400000| Untracked 
| 149|0x00000000e9500000, 0x00000000e9500000, 0x00000000e9600000|  0%| F|  |TAMS 0x00000000e9500000, 0x00000000e9500000| Untracked 
| 150|0x00000000e9600000, 0x00000000e9600000, 0x00000000e9700000|  0%| F|  |TAMS 0x00000000e9600000, 0x00000000e9600000| Untracked 
| 151|0x00000000e9700000, 0x00000000e9700000, 0x00000000e9800000|  0%| F|  |TAMS 0x00000000e9700000, 0x00000000e9700000| Untracked 
| 152|0x00000000e9800000, 0x00000000e9800000, 0x00000000e9900000|  0%| F|  |TAMS 0x00000000e9800000, 0x00000000e9800000| Untracked 
| 153|0x00000000e9900000, 0x00000000e99e0dc8, 0x00000000e9a00000| 87%| E|  |TAMS 0x00000000e9900000, 0x00000000e9900000| Complete 
| 154|0x00000000e9a00000, 0x00000000e9b00000, 0x00000000e9b00000|100%| E|CS|TAMS 0x00000000e9a00000, 0x00000000e9a00000| Complete 
| 155|0x00000000e9b00000, 0x00000000e9c00000, 0x00000000e9c00000|100%| E|CS|TAMS 0x00000000e9b00000, 0x00000000e9b00000| Complete 
| 156|0x00000000e9c00000, 0x00000000e9d00000, 0x00000000e9d00000|100%| E|CS|TAMS 0x00000000e9c00000, 0x00000000e9c00000| Complete 
| 157|0x00000000e9d00000, 0x00000000e9e00000, 0x00000000e9e00000|100%| E|CS|TAMS 0x00000000e9d00000, 0x00000000e9d00000| Complete 
| 158|0x00000000e9e00000, 0x00000000e9f00000, 0x00000000e9f00000|100%| E|CS|TAMS 0x00000000e9e00000, 0x00000000e9e00000| Complete 
| 159|0x00000000e9f00000, 0x00000000ea000000, 0x00000000ea000000|100%| E|CS|TAMS 0x00000000e9f00000, 0x00000000e9f00000| Complete 
| 160|0x00000000ea000000, 0x00000000ea100000, 0x00000000ea100000|100%| E|CS|TAMS 0x00000000ea000000, 0x00000000ea000000| Complete 
| 161|0x00000000ea100000, 0x00000000ea200000, 0x00000000ea200000|100%| E|CS|TAMS 0x00000000ea100000, 0x00000000ea100000| Complete 
| 162|0x00000000ea200000, 0x00000000ea300000, 0x00000000ea300000|100%| E|CS|TAMS 0x00000000ea200000, 0x00000000ea200000| Complete 
| 163|0x00000000ea300000, 0x00000000ea400000, 0x00000000ea400000|100%| E|CS|TAMS 0x00000000ea300000, 0x00000000ea300000| Complete 
| 164|0x00000000ea400000, 0x00000000ea500000, 0x00000000ea500000|100%| E|CS|TAMS 0x00000000ea400000, 0x00000000ea400000| Complete 
| 165|0x00000000ea500000, 0x00000000ea600000, 0x00000000ea600000|100%| E|CS|TAMS 0x00000000ea500000, 0x00000000ea500000| Complete 
| 166|0x00000000ea600000, 0x00000000ea700000, 0x00000000ea700000|100%| E|CS|TAMS 0x00000000ea600000, 0x00000000ea600000| Complete 
| 167|0x00000000ea700000, 0x00000000ea800000, 0x00000000ea800000|100%| E|CS|TAMS 0x00000000ea700000, 0x00000000ea700000| Complete 
| 168|0x00000000ea800000, 0x00000000ea900000, 0x00000000ea900000|100%| E|CS|TAMS 0x00000000ea800000, 0x00000000ea800000| Complete 
| 169|0x00000000ea900000, 0x00000000eaa00000, 0x00000000eaa00000|100%| E|CS|TAMS 0x00000000ea900000, 0x00000000ea900000| Complete 
| 170|0x00000000eaa00000, 0x00000000eab00000, 0x00000000eab00000|100%| E|CS|TAMS 0x00000000eaa00000, 0x00000000eaa00000| Complete 
| 171|0x00000000eab00000, 0x00000000eac00000, 0x00000000eac00000|100%| E|CS|TAMS 0x00000000eab00000, 0x00000000eab00000| Complete 
| 172|0x00000000eac00000, 0x00000000ead00000, 0x00000000ead00000|100%| E|CS|TAMS 0x00000000eac00000, 0x00000000eac00000| Complete 
| 173|0x00000000ead00000, 0x00000000eae00000, 0x00000000eae00000|100%| E|CS|TAMS 0x00000000ead00000, 0x00000000ead00000| Complete 
| 174|0x00000000eae00000, 0x00000000eaf00000, 0x00000000eaf00000|100%| E|CS|TAMS 0x00000000eae00000, 0x00000000eae00000| Complete 
| 175|0x00000000eaf00000, 0x00000000eb000000, 0x00000000eb000000|100%| E|CS|TAMS 0x00000000eaf00000, 0x00000000eaf00000| Complete 
| 176|0x00000000eb000000, 0x00000000eb100000, 0x00000000eb100000|100%| E|CS|TAMS 0x00000000eb000000, 0x00000000eb000000| Complete 
| 177|0x00000000eb100000, 0x00000000eb200000, 0x00000000eb200000|100%| E|CS|TAMS 0x00000000eb100000, 0x00000000eb100000| Complete 
| 178|0x00000000eb200000, 0x00000000eb300000, 0x00000000eb300000|100%| E|CS|TAMS 0x00000000eb200000, 0x00000000eb200000| Complete 
| 179|0x00000000eb300000, 0x00000000eb400000, 0x00000000eb400000|100%| E|CS|TAMS 0x00000000eb300000, 0x00000000eb300000| Complete 
| 180|0x00000000eb400000, 0x00000000eb500000, 0x00000000eb500000|100%| E|CS|TAMS 0x00000000eb400000, 0x00000000eb400000| Complete 
| 181|0x00000000eb500000, 0x00000000eb600000, 0x00000000eb600000|100%| E|CS|TAMS 0x00000000eb500000, 0x00000000eb500000| Complete 
| 182|0x00000000eb600000, 0x00000000eb700000, 0x00000000eb700000|100%| E|CS|TAMS 0x00000000eb600000, 0x00000000eb600000| Complete 
| 183|0x00000000eb700000, 0x00000000eb800000, 0x00000000eb800000|100%| E|CS|TAMS 0x00000000eb700000, 0x00000000eb700000| Complete 
| 184|0x00000000eb800000, 0x00000000eb900000, 0x00000000eb900000|100%| E|CS|TAMS 0x00000000eb800000, 0x00000000eb800000| Complete 
| 185|0x00000000eb900000, 0x00000000eba00000, 0x00000000eba00000|100%| E|CS|TAMS 0x00000000eb900000, 0x00000000eb900000| Complete 
| 186|0x00000000eba00000, 0x00000000ebb00000, 0x00000000ebb00000|100%| E|CS|TAMS 0x00000000eba00000, 0x00000000eba00000| Complete 
| 187|0x00000000ebb00000, 0x00000000ebc00000, 0x00000000ebc00000|100%| E|CS|TAMS 0x00000000ebb00000, 0x00000000ebb00000| Complete 
| 188|0x00000000ebc00000, 0x00000000ebd00000, 0x00000000ebd00000|100%| E|CS|TAMS 0x00000000ebc00000, 0x00000000ebc00000| Complete 
| 189|0x00000000ebd00000, 0x00000000ebe00000, 0x00000000ebe00000|100%| E|CS|TAMS 0x00000000ebd00000, 0x00000000ebd00000| Complete 
| 190|0x00000000ebe00000, 0x00000000ebf00000, 0x00000000ebf00000|100%| E|CS|TAMS 0x00000000ebe00000, 0x00000000ebe00000| Complete 
| 191|0x00000000ebf00000, 0x00000000ec000000, 0x00000000ec000000|100%| E|CS|TAMS 0x00000000ebf00000, 0x00000000ebf00000| Complete 
| 192|0x00000000ec000000, 0x00000000ec100000, 0x00000000ec100000|100%| E|CS|TAMS 0x00000000ec000000, 0x00000000ec000000| Complete 
| 193|0x00000000ec100000, 0x00000000ec200000, 0x00000000ec200000|100%| E|CS|TAMS 0x00000000ec100000, 0x00000000ec100000| Complete 
| 194|0x00000000ec200000, 0x00000000ec300000, 0x00000000ec300000|100%| E|CS|TAMS 0x00000000ec200000, 0x00000000ec200000| Complete 
| 195|0x00000000ec300000, 0x00000000ec400000, 0x00000000ec400000|100%| E|CS|TAMS 0x00000000ec300000, 0x00000000ec300000| Complete 
| 196|0x00000000ec400000, 0x00000000ec500000, 0x00000000ec500000|100%| E|CS|TAMS 0x00000000ec400000, 0x00000000ec400000| Complete 
| 197|0x00000000ec500000, 0x00000000ec600000, 0x00000000ec600000|100%| E|CS|TAMS 0x00000000ec500000, 0x00000000ec500000| Complete 
| 198|0x00000000ec600000, 0x00000000ec700000, 0x00000000ec700000|100%| E|CS|TAMS 0x00000000ec600000, 0x00000000ec600000| Complete 
| 199|0x00000000ec700000, 0x00000000ec800000, 0x00000000ec800000|100%| E|CS|TAMS 0x00000000ec700000, 0x00000000ec700000| Complete 
| 200|0x00000000ec800000, 0x00000000ec900000, 0x00000000ec900000|100%| E|CS|TAMS 0x00000000ec800000, 0x00000000ec800000| Complete 
| 201|0x00000000ec900000, 0x00000000eca00000, 0x00000000eca00000|100%| E|CS|TAMS 0x00000000ec900000, 0x00000000ec900000| Complete 
| 202|0x00000000eca00000, 0x00000000ecb00000, 0x00000000ecb00000|100%| E|CS|TAMS 0x00000000eca00000, 0x00000000eca00000| Complete 
| 203|0x00000000ecb00000, 0x00000000ecc00000, 0x00000000ecc00000|100%| E|CS|TAMS 0x00000000ecb00000, 0x00000000ecb00000| Complete 
| 204|0x00000000ecc00000, 0x00000000ecd00000, 0x00000000ecd00000|100%| E|CS|TAMS 0x00000000ecc00000, 0x00000000ecc00000| Complete 
| 205|0x00000000ecd00000, 0x00000000ece00000, 0x00000000ece00000|100%| E|CS|TAMS 0x00000000ecd00000, 0x00000000ecd00000| Complete 
| 206|0x00000000ece00000, 0x00000000ecf00000, 0x00000000ecf00000|100%| E|CS|TAMS 0x00000000ece00000, 0x00000000ece00000| Complete 
| 207|0x00000000ecf00000, 0x00000000ed000000, 0x00000000ed000000|100%| E|CS|TAMS 0x00000000ecf00000, 0x00000000ecf00000| Complete 
| 208|0x00000000ed000000, 0x00000000ed100000, 0x00000000ed100000|100%| E|CS|TAMS 0x00000000ed000000, 0x00000000ed000000| Complete 
| 209|0x00000000ed100000, 0x00000000ed200000, 0x00000000ed200000|100%| E|CS|TAMS 0x00000000ed100000, 0x00000000ed100000| Complete 
| 210|0x00000000ed200000, 0x00000000ed300000, 0x00000000ed300000|100%| E|CS|TAMS 0x00000000ed200000, 0x00000000ed200000| Complete 
| 211|0x00000000ed300000, 0x00000000ed400000, 0x00000000ed400000|100%| E|CS|TAMS 0x00000000ed300000, 0x00000000ed300000| Complete 
| 212|0x00000000ed400000, 0x00000000ed500000, 0x00000000ed500000|100%| E|CS|TAMS 0x00000000ed400000, 0x00000000ed400000| Complete 
| 213|0x00000000ed500000, 0x00000000ed600000, 0x00000000ed600000|100%| E|CS|TAMS 0x00000000ed500000, 0x00000000ed500000| Complete 
| 214|0x00000000ed600000, 0x00000000ed700000, 0x00000000ed700000|100%| E|CS|TAMS 0x00000000ed600000, 0x00000000ed600000| Complete 
| 215|0x00000000ed700000, 0x00000000ed800000, 0x00000000ed800000|100%| E|CS|TAMS 0x00000000ed700000, 0x00000000ed700000| Complete 
| 216|0x00000000ed800000, 0x00000000ed900000, 0x00000000ed900000|100%| E|CS|TAMS 0x00000000ed800000, 0x00000000ed800000| Complete 
| 217|0x00000000ed900000, 0x00000000eda00000, 0x00000000eda00000|100%| E|CS|TAMS 0x00000000ed900000, 0x00000000ed900000| Complete 
| 218|0x00000000eda00000, 0x00000000edb00000, 0x00000000edb00000|100%| E|CS|TAMS 0x00000000eda00000, 0x00000000eda00000| Complete 
| 219|0x00000000edb00000, 0x00000000edc00000, 0x00000000edc00000|100%| E|CS|TAMS 0x00000000edb00000, 0x00000000edb00000| Complete 
| 220|0x00000000edc00000, 0x00000000edd00000, 0x00000000edd00000|100%| E|CS|TAMS 0x00000000edc00000, 0x00000000edc00000| Complete 
| 221|0x00000000edd00000, 0x00000000ede00000, 0x00000000ede00000|100%| E|CS|TAMS 0x00000000edd00000, 0x00000000edd00000| Complete 
| 222|0x00000000ede00000, 0x00000000edf00000, 0x00000000edf00000|100%| E|CS|TAMS 0x00000000ede00000, 0x00000000ede00000| Complete 
| 223|0x00000000edf00000, 0x00000000ee000000, 0x00000000ee000000|100%| E|CS|TAMS 0x00000000edf00000, 0x00000000edf00000| Complete 
| 224|0x00000000ee000000, 0x00000000ee100000, 0x00000000ee100000|100%| E|CS|TAMS 0x00000000ee000000, 0x00000000ee000000| Complete 
| 225|0x00000000ee100000, 0x00000000ee200000, 0x00000000ee200000|100%| E|CS|TAMS 0x00000000ee100000, 0x00000000ee100000| Complete 
| 226|0x00000000ee200000, 0x00000000ee300000, 0x00000000ee300000|100%| E|CS|TAMS 0x00000000ee200000, 0x00000000ee200000| Complete 
| 227|0x00000000ee300000, 0x00000000ee400000, 0x00000000ee400000|100%| E|CS|TAMS 0x00000000ee300000, 0x00000000ee300000| Complete 
| 228|0x00000000ee400000, 0x00000000ee500000, 0x00000000ee500000|100%| E|CS|TAMS 0x00000000ee400000, 0x00000000ee400000| Complete 
| 229|0x00000000ee500000, 0x00000000ee600000, 0x00000000ee600000|100%| E|CS|TAMS 0x00000000ee500000, 0x00000000ee500000| Complete 
| 230|0x00000000ee600000, 0x00000000ee700000, 0x00000000ee700000|100%| E|CS|TAMS 0x00000000ee600000, 0x00000000ee600000| Complete 
| 231|0x00000000ee700000, 0x00000000ee800000, 0x00000000ee800000|100%| E|CS|TAMS 0x00000000ee700000, 0x00000000ee700000| Complete 
| 232|0x00000000ee800000, 0x00000000ee900000, 0x00000000ee900000|100%| E|CS|TAMS 0x00000000ee800000, 0x00000000ee800000| Complete 
| 233|0x00000000ee900000, 0x00000000eea00000, 0x00000000eea00000|100%| E|CS|TAMS 0x00000000ee900000, 0x00000000ee900000| Complete 
| 234|0x00000000eea00000, 0x00000000eeb00000, 0x00000000eeb00000|100%| E|CS|TAMS 0x00000000eea00000, 0x00000000eea00000| Complete 
| 235|0x00000000eeb00000, 0x00000000eec00000, 0x00000000eec00000|100%| E|CS|TAMS 0x00000000eeb00000, 0x00000000eeb00000| Complete 
| 236|0x00000000eec00000, 0x00000000eed00000, 0x00000000eed00000|100%| E|CS|TAMS 0x00000000eec00000, 0x00000000eec00000| Complete 
| 237|0x00000000eed00000, 0x00000000eee00000, 0x00000000eee00000|100%| E|CS|TAMS 0x00000000eed00000, 0x00000000eed00000| Complete 
| 238|0x00000000eee00000, 0x00000000eef00000, 0x00000000eef00000|100%| E|CS|TAMS 0x00000000eee00000, 0x00000000eee00000| Complete 
| 239|0x00000000eef00000, 0x00000000ef000000, 0x00000000ef000000|100%| E|CS|TAMS 0x00000000eef00000, 0x00000000eef00000| Complete 
| 240|0x00000000ef000000, 0x00000000ef100000, 0x00000000ef100000|100%| E|CS|TAMS 0x00000000ef000000, 0x00000000ef000000| Complete 
| 241|0x00000000ef100000, 0x00000000ef200000, 0x00000000ef200000|100%| E|CS|TAMS 0x00000000ef100000, 0x00000000ef100000| Complete 
| 242|0x00000000ef200000, 0x00000000ef300000, 0x00000000ef300000|100%| E|CS|TAMS 0x00000000ef200000, 0x00000000ef200000| Complete 
| 243|0x00000000ef300000, 0x00000000ef400000, 0x00000000ef400000|100%| E|CS|TAMS 0x00000000ef300000, 0x00000000ef300000| Complete 
| 244|0x00000000ef400000, 0x00000000ef500000, 0x00000000ef500000|100%| E|CS|TAMS 0x00000000ef400000, 0x00000000ef400000| Complete 
| 245|0x00000000ef500000, 0x00000000ef600000, 0x00000000ef600000|100%| E|CS|TAMS 0x00000000ef500000, 0x00000000ef500000| Complete 
| 246|0x00000000ef600000, 0x00000000ef700000, 0x00000000ef700000|100%| E|CS|TAMS 0x00000000ef600000, 0x00000000ef600000| Complete 
| 247|0x00000000ef700000, 0x00000000ef800000, 0x00000000ef800000|100%| E|CS|TAMS 0x00000000ef700000, 0x00000000ef700000| Complete 
| 248|0x00000000ef800000, 0x00000000ef900000, 0x00000000ef900000|100%| E|CS|TAMS 0x00000000ef800000, 0x00000000ef800000| Complete 
| 249|0x00000000ef900000, 0x00000000ef9987d8, 0x00000000efa00000| 59%| S|CS|TAMS 0x00000000ef900000, 0x00000000ef900000| Complete 
| 250|0x00000000efa00000, 0x00000000efb00000, 0x00000000efb00000|100%| E|CS|TAMS 0x00000000efa00000, 0x00000000efa00000| Complete 
| 251|0x00000000efb00000, 0x00000000efc00000, 0x00000000efc00000|100%| E|CS|TAMS 0x00000000efb00000, 0x00000000efb00000| Complete 
| 252|0x00000000efc00000, 0x00000000efd00000, 0x00000000efd00000|100%| E|CS|TAMS 0x00000000efc00000, 0x00000000efc00000| Complete 
| 253|0x00000000efd00000, 0x00000000efe00000, 0x00000000efe00000|100%| E|CS|TAMS 0x00000000efd00000, 0x00000000efd00000| Complete 
| 254|0x00000000efe00000, 0x00000000eff00000, 0x00000000eff00000|100%| E|CS|TAMS 0x00000000efe00000, 0x00000000efe00000| Complete 
| 255|0x00000000eff00000, 0x00000000f0000000, 0x00000000f0000000|100%| E|CS|TAMS 0x00000000eff00000, 0x00000000eff00000| Complete 

Card table byte_map: [0x000002a65cdb0000,0x000002a65ceb0000] _byte_map_base: 0x000002a65c6b0000

Marking Bits (Prev, Next): (CMBitMap*) 0x000002a645eec510, (CMBitMap*) 0x000002a645eec550
 Prev Bits: [0x000002a65cfb0000, 0x000002a65d7b0000)
 Next Bits: [0x000002a65d7b0000, 0x000002a65dfb0000)

Polling page: 0x000002a645690000

Metaspace:

Usage:
  Non-class:     37.70 MB used.
      Class:      6.32 MB used.
       Both:     44.01 MB used.

Virtual space:
  Non-class space:       64.00 MB reserved,      37.94 MB ( 59%) committed,  1 nodes.
      Class space:      208.00 MB reserved,       6.56 MB (  3%) committed,  1 nodes.
             Both:      272.00 MB reserved,      44.50 MB ( 16%) committed. 

Chunk freelists:
   Non-Class:  9.20 MB
       Class:  9.39 MB
        Both:  18.58 MB

MaxMetaspaceSize: 256.00 MB
CompressedClassSpaceSize: 208.00 MB
Initial GC threshold: 21.00 MB
Current GC threshold: 59.31 MB
CDS: on
MetaspaceReclaimPolicy: balanced
 - commit_granule_bytes: 65536.
 - commit_granule_words: 8192.
 - virtual_space_node_default_size: 8388608.
 - enlarge_chunks_in_place: 1.
 - new_chunks_are_fully_committed: 0.
 - uncommit_free_chunks: 1.
 - use_allocation_guard: 0.
 - handle_deallocations: 1.


Internal statistics:

num_allocs_failed_limit: 9.
num_arena_births: 556.
num_arena_deaths: 0.
num_vsnodes_births: 2.
num_vsnodes_deaths: 0.
num_space_committed: 712.
num_space_uncommitted: 0.
num_chunks_returned_to_freelist: 9.
num_chunks_taken_from_freelist: 2299.
num_chunk_merges: 9.
num_chunk_splits: 1494.
num_chunks_enlarged: 998.
num_purges: 0.
num_inconsistent_stats: 0.

CodeHeap 'non-profiled nmethods': size=120000Kb used=2311Kb max_used=2311Kb free=117688Kb
 bounds [0x000002a655230000, 0x000002a6554a0000, 0x000002a65c760000]
CodeHeap 'profiled nmethods': size=120000Kb used=10568Kb max_used=10568Kb free=109431Kb
 bounds [0x000002a64d760000, 0x000002a64e1c0000, 0x000002a654c90000]
CodeHeap 'non-nmethods': size=5760Kb used=2325Kb max_used=2366Kb free=3434Kb
 bounds [0x000002a654c90000, 0x000002a654f00000, 0x000002a655230000]
 total_blobs=6087 nmethods=5260 adapters=738
 compilation: enabled
              stopped_count=0, restarted_count=0
 full_count=0

Compilation events (20 events):
Event: 7.456 Thread 0x000002a660c08ae0 nmethod 5218 0x000002a65546ef90 code [0x000002a65546f100, 0x000002a65546f1b8]
Event: 7.456 Thread 0x000002a660c08ae0 4738       4       java.util.HashMap::containsKey (14 bytes)
Event: 7.460 Thread 0x000002a660c08ae0 nmethod 4738 0x000002a65546f590 code [0x000002a65546f720, 0x000002a65546f9e8]
Event: 7.460 Thread 0x000002a660c08ae0 4736       4       org.codehaus.groovy.util.LazyReference::get (44 bytes)
Event: 7.464 Thread 0x000002a660c12d00 5264       1       org.gradle.api.internal.provider.AbstractProperty$NonFinalizedValue::setConvention (6 bytes)
Event: 7.464 Thread 0x000002a660c12d00 nmethod 5264 0x000002a65546fc10 code [0x000002a65546fda0, 0x000002a65546feb8]
Event: 7.469 Thread 0x000002a660c12d00 5265       3       java.lang.invoke.MemberName::equals (24 bytes)
Event: 7.469 Thread 0x000002a660c12d00 nmethod 5265 0x000002a64e1af410 code [0x000002a64e1af5c0, 0x000002a64e1af988]
Event: 7.479 Thread 0x000002a660c12d00 5267       3       java.lang.ProcessEnvironment$CheckedEntrySet$1::hasNext (10 bytes)
Event: 7.479 Thread 0x000002a660c08ae0 nmethod 4736 0x000002a65546ff10 code [0x000002a655470120, 0x000002a655470df0]
Event: 7.479 Thread 0x000002a660c12d00 nmethod 5267 0x000002a64e1afa90 code [0x000002a64e1afc40, 0x000002a64e1afe08]
Event: 7.479 Thread 0x000002a660c12d00 5269       3       java.lang.ProcessEnvironment$CheckedEntry::getKey (5 bytes)
Event: 7.479 Thread 0x000002a660c08ae0 5266       4       jdk.internal.org.objectweb.asm.Frame::execute (2305 bytes)
Event: 7.479 Thread 0x000002a660c12d00 nmethod 5269 0x000002a64e1aff10 code [0x000002a64e1b00c0, 0x000002a64e1b03e8]
Event: 7.479 Thread 0x000002a660c12d00 5270       3       java.lang.ProcessEnvironment$CheckedEntry::getKey (13 bytes)
Event: 7.480 Thread 0x000002a660c12d00 nmethod 5270 0x000002a64e1b0510 code [0x000002a64e1b06c0, 0x000002a64e1b0988]
Event: 7.480 Thread 0x000002a660c12d00 5268       3       java.lang.ProcessEnvironment$CheckedEntrySet$1::next (5 bytes)
Event: 7.480 Thread 0x000002a660c12d00 nmethod 5268 0x000002a64e1b0a90 code [0x000002a64e1b0c60, 0x000002a64e1b1148]
Event: 7.505 Thread 0x000002a660c12d00 5274   !   3       java.lang.invoke.LambdaForm::compileToBytecode (164 bytes)
Event: 7.506 Thread 0x000002a660c12d00 nmethod 5274 0x000002a64e1b1310 code [0x000002a64e1b1560, 0x000002a64e1b1e38]

GC Heap History (12 events):
Event: 0.950 GC heap before
{Heap before GC invocations=0 (full 0):
 garbage-first heap   total 262144K, used 25600K [0x00000000e0000000, 0x0000000100000000)
  region size 1024K, 23 young (23552K), 0 survivors (0K)
 Metaspace       used 2993K, committed 3136K, reserved 278528K
  class space    used 379K, committed 448K, reserved 212992K
}
Event: 0.956 GC heap after
{Heap after GC invocations=1 (full 0):
 garbage-first heap   total 262144K, used 9143K [0x00000000e0000000, 0x0000000100000000)
  region size 1024K, 3 young (3072K), 3 survivors (3072K)
 Metaspace       used 2993K, committed 3136K, reserved 278528K
  class space    used 379K, committed 448K, reserved 212992K
}
Event: 1.504 GC heap before
{Heap before GC invocations=1 (full 0):
 garbage-first heap   total 262144K, used 38839K [0x00000000e0000000, 0x0000000100000000)
  region size 1024K, 31 young (31744K), 3 survivors (3072K)
 Metaspace       used 3928K, committed 4096K, reserved 278528K
  class space    used 476K, committed 576K, reserved 212992K
}
Event: 1.508 GC heap after
{Heap after GC invocations=2 (full 0):
 garbage-first heap   total 262144K, used 13423K [0x00000000e0000000, 0x0000000100000000)
  region size 1024K, 4 young (4096K), 4 survivors (4096K)
 Metaspace       used 3928K, committed 4096K, reserved 278528K
  class space    used 476K, committed 576K, reserved 212992K
}
Event: 4.000 GC heap before
{Heap before GC invocations=2 (full 0):
 garbage-first heap   total 262144K, used 112751K [0x00000000e0000000, 0x0000000100000000)
  region size 1024K, 102 young (104448K), 4 survivors (4096K)
 Metaspace       used 21195K, committed 21504K, reserved 278528K
  class space    used 3175K, committed 3328K, reserved 212992K
}
Event: 4.016 GC heap after
{Heap after GC invocations=3 (full 0):
 garbage-first heap   total 262144K, used 21103K [0x00000000e0000000, 0x0000000100000000)
  region size 1024K, 12 young (12288K), 12 survivors (12288K)
 Metaspace       used 21195K, committed 21504K, reserved 278528K
  class space    used 3175K, committed 3328K, reserved 212992K
}
Event: 5.802 GC heap before
{Heap before GC invocations=4 (full 0):
 garbage-first heap   total 262144K, used 126575K [0x00000000e0000000, 0x0000000100000000)
  region size 1024K, 113 young (115712K), 12 survivors (12288K)
 Metaspace       used 35561K, committed 35968K, reserved 278528K
  class space    used 4885K, committed 5120K, reserved 212992K
}
Event: 5.816 GC heap after
{Heap after GC invocations=5 (full 0):
 garbage-first heap   total 262144K, used 30580K [0x00000000e0000000, 0x0000000100000000)
  region size 1024K, 17 young (17408K), 17 survivors (17408K)
 Metaspace       used 35561K, committed 35968K, reserved 278528K
  class space    used 4885K, committed 5120K, reserved 212992K
}
Event: 5.835 GC heap before
{Heap before GC invocations=5 (full 0):
 garbage-first heap   total 262144K, used 31604K [0x00000000e0000000, 0x0000000100000000)
  region size 1024K, 18 young (18432K), 17 survivors (17408K)
 Metaspace       used 35689K, committed 36096K, reserved 278528K
  class space    used 4917K, committed 5120K, reserved 212992K
}
Event: 5.849 GC heap after
{Heap after GC invocations=6 (full 0):
 garbage-first heap   total 262144K, used 31976K [0x00000000e0000000, 0x0000000100000000)
  region size 1024K, 3 young (3072K), 3 survivors (3072K)
 Metaspace       used 35689K, committed 36096K, reserved 278528K
  class space    used 4917K, committed 5120K, reserved 212992K
}
Event: 5.890 GC heap before
{Heap before GC invocations=6 (full 0):
 garbage-first heap   total 262144K, used 34024K [0x00000000e0000000, 0x0000000100000000)
  region size 1024K, 6 young (6144K), 3 survivors (3072K)
 Metaspace       used 35890K, committed 36288K, reserved 278528K
  class space    used 4949K, committed 5184K, reserved 212992K
}
Event: 5.891 GC heap after
{Heap after GC invocations=7 (full 0):
 garbage-first heap   total 262144K, used 29999K [0x00000000e0000000, 0x0000000100000000)
  region size 1024K, 1 young (1024K), 1 survivors (1024K)
 Metaspace       used 35890K, committed 36288K, reserved 278528K
  class space    used 4949K, committed 5184K, reserved 212992K
}

Deoptimization events (20 events):
Event: 7.427 Thread 0x000002a67576cc40 Uncommon trap: trap_request=0xffffffde fr.pc=0x000002a655326b70 relative=0x0000000000000410
Event: 7.428 Thread 0x000002a67576cc40 Uncommon trap: reason=class_check action=maybe_recompile pc=0x000002a655326b70 method=java.util.Collections$SetFromMap.remove(Ljava/lang/Object;)Z @ 5 c2
Event: 7.428 Thread 0x000002a67576cc40 DEOPT PACKING pc=0x000002a655326b70 sp=0x000000c73d1febf0
Event: 7.428 Thread 0x000002a67576cc40 DEOPT UNPACKING pc=0x000002a654ce5ba3 sp=0x000000c73d1febd8 mode 2
Event: 7.428 Thread 0x000002a67576cc40 Uncommon trap: trap_request=0xffffffde fr.pc=0x000002a655326b70 relative=0x0000000000000410
Event: 7.428 Thread 0x000002a67576cc40 Uncommon trap: reason=class_check action=maybe_recompile pc=0x000002a655326b70 method=java.util.Collections$SetFromMap.remove(Ljava/lang/Object;)Z @ 5 c2
Event: 7.428 Thread 0x000002a67576cc40 DEOPT PACKING pc=0x000002a655326b70 sp=0x000000c73d1febf0
Event: 7.428 Thread 0x000002a67576cc40 DEOPT UNPACKING pc=0x000002a654ce5ba3 sp=0x000000c73d1febd8 mode 2
Event: 7.428 Thread 0x000002a673cd5830 Uncommon trap: trap_request=0xffffffde fr.pc=0x000002a6553d91d4 relative=0x0000000000000234
Event: 7.428 Thread 0x000002a673cd5830 Uncommon trap: reason=class_check action=maybe_recompile pc=0x000002a6553d91d4 method=java.util.stream.StreamOpFlag.fromCharacteristics(Ljava/util/Spliterator;)I @ 14 c2
Event: 7.428 Thread 0x000002a673cd5830 DEOPT PACKING pc=0x000002a6553d91d4 sp=0x000000c73d0fd740
Event: 7.428 Thread 0x000002a673cd5830 DEOPT UNPACKING pc=0x000002a654ce5ba3 sp=0x000000c73d0fd680 mode 2
Event: 7.443 Thread 0x000002a673cd5830 Uncommon trap: trap_request=0xffffffde fr.pc=0x000002a6553d91d4 relative=0x0000000000000234
Event: 7.443 Thread 0x000002a673cd5830 Uncommon trap: reason=class_check action=maybe_recompile pc=0x000002a6553d91d4 method=java.util.stream.StreamOpFlag.fromCharacteristics(Ljava/util/Spliterator;)I @ 14 c2
Event: 7.443 Thread 0x000002a673cd5830 DEOPT PACKING pc=0x000002a6553d91d4 sp=0x000000c73d0fd740
Event: 7.443 Thread 0x000002a673cd5830 DEOPT UNPACKING pc=0x000002a654ce5ba3 sp=0x000000c73d0fd680 mode 2
Event: 7.445 Thread 0x000002a673cd5830 Uncommon trap: trap_request=0xffffffde fr.pc=0x000002a6553d91d4 relative=0x0000000000000234
Event: 7.445 Thread 0x000002a673cd5830 Uncommon trap: reason=class_check action=maybe_recompile pc=0x000002a6553d91d4 method=java.util.stream.StreamOpFlag.fromCharacteristics(Ljava/util/Spliterator;)I @ 14 c2
Event: 7.445 Thread 0x000002a673cd5830 DEOPT PACKING pc=0x000002a6553d91d4 sp=0x000000c73d0fd740
Event: 7.445 Thread 0x000002a673cd5830 DEOPT UNPACKING pc=0x000002a654ce5ba3 sp=0x000000c73d0fd680 mode 2

Classes unloaded (0 events):
No events

Classes redefined (0 events):
No events

Internal exceptions (20 events):
Event: 7.137 Thread 0x000002a6749884f0 Exception <a 'java/lang/ClassNotFoundException'{0x00000000eaa4c478}: org/gradle/api/DefaultTask_DecoratedCustomizer> (0x00000000eaa4c478) 
thrown [s\open\src\hotspot\share\classfile\systemDictionary.cpp, line 256]
Event: 7.169 Thread 0x000002a67576cc40 Exception <a 'java/lang/NoSuchMethodError'{0x00000000ea58ec70}: 'java.lang.Object java.lang.invoke.Invokers$Holder.linkToTargetMethod(java.lang.Object, java.lang.Object, java.lang.Object, int, java.lang.Object, java.lang.Object)'> (0x00000000ea58ec70) 
thrown [s\open\src\hotspot\share\interpreter\linkResolver.cpp, line 759]
Event: 7.183 Thread 0x000002a67576cc40 Exception <a 'java/lang/NoSuchMethodError'{0x00000000ea41c1e8}: 'void java.lang.invoke.DirectMethodHandle$Holder.invokeInterface(java.lang.Object, java.lang.Object, java.lang.Object, java.lang.Object)'> (0x00000000ea41c1e8) 
thrown [s\open\src\hotspot\share\interpreter\linkResolver.cpp, line 759]
Event: 7.229 Thread 0x000002a6749a1880 Exception <a 'java/lang/NoSuchMethodError'{0x00000000eff0fdd0}: static Lorg/gradle/internal/build/event/types/DefaultTaskStartedProgressEvent;.<clinit>()V> (0x00000000eff0fdd0) 
thrown [s\open\src\hotspot\share\prims\jni.cpp, line 1107]
Event: 7.229 Thread 0x000002a6749a1880 Exception <a 'java/lang/NoSuchMethodError'{0x00000000eff11438}: static Lorg/gradle/internal/build/event/types/AbstractProgressEvent;.<clinit>()V> (0x00000000eff11438) 
thrown [s\open\src\hotspot\share\prims\jni.cpp, line 1107]
Event: 7.231 Thread 0x000002a6749a1880 Exception <a 'java/lang/NoSuchMethodError'{0x00000000eff1b2f0}: static Lorg/gradle/internal/build/event/types/DefaultTaskDescriptor;.<clinit>()V> (0x00000000eff1b2f0) 
thrown [s\open\src\hotspot\share\prims\jni.cpp, line 1107]
Event: 7.233 Thread 0x000002a67576cc40 Exception <a 'java/lang/IncompatibleClassChangeError'{0x00000000ea20b260}: Found class java.lang.Object, but interface was expected> (0x00000000ea20b260) 
thrown [s\open\src\hotspot\share\interpreter\linkResolver.cpp, line 826]
Event: 7.236 Thread 0x000002a6749a1880 Exception <a 'java/lang/NoSuchMethodError'{0x00000000ea28e550}: static Lorg/gradle/internal/operations/OperationIdentifier;.<clinit>()V> (0x00000000ea28e550) 
thrown [s\open\src\hotspot\share\prims\jni.cpp, line 1107]
Event: 7.237 Thread 0x000002a6749a1880 Exception <a 'java/lang/NoSuchMethodError'{0x00000000ea297858}: static Lorg/gradle/internal/build/event/types/DefaultBinaryPluginIdentifier;.<clinit>()V> (0x00000000ea297858) 
thrown [s\open\src\hotspot\share\prims\jni.cpp, line 1107]
Event: 7.348 Thread 0x000002a67576cc40 Exception <a 'java/lang/IncompatibleClassChangeError'{0x00000000e9f05fa8}: Found class java.lang.Object, but interface was expected> (0x00000000e9f05fa8) 
thrown [s\open\src\hotspot\share\interpreter\linkResolver.cpp, line 826]
Event: 7.397 Thread 0x000002a67576cc40 Exception <a 'java/lang/NoSuchMethodError'{0x00000000e9d3d3b8}: 'int java.lang.invoke.DirectMethodHandle$Holder.invokeStaticInit(java.lang.Object, java.lang.Object, java.lang.Object, java.lang.Object, java.lang.Object)'> (0x00000000e9d3d3b8) 
thrown [s\open\src\hotspot\share\interpreter\linkResolver.cpp, line 759]
Event: 7.427 Thread 0x000002a6749a1880 Exception <a 'java/lang/NoSuchMethodError'{0x00000000ea2a0228}: static Lorg/gradle/internal/build/event/types/DefaultTaskFinishedProgressEvent;.<clinit>()V> (0x00000000ea2a0228) 
thrown [s\open\src\hotspot\share\prims\jni.cpp, line 1107]
Event: 7.430 Thread 0x000002a6749a1880 Exception <a 'java/lang/NoSuchMethodError'{0x00000000e9ceb9c8}: static Lorg/gradle/internal/build/event/types/DefaultTaskSuccessResult;.<clinit>()V> (0x00000000e9ceb9c8) 
thrown [s\open\src\hotspot\share\prims\jni.cpp, line 1107]
Event: 7.430 Thread 0x000002a6749a1880 Exception <a 'java/lang/NoSuchMethodError'{0x00000000e9cecc38}: static Lorg/gradle/internal/build/event/types/AbstractTaskResult;.<clinit>()V> (0x00000000e9cecc38) 
thrown [s\open\src\hotspot\share\prims\jni.cpp, line 1107]
Event: 7.430 Thread 0x000002a6749a1880 Exception <a 'java/lang/NoSuchMethodError'{0x00000000e9cee160}: static Lorg/gradle/internal/build/event/types/AbstractResult;.<clinit>()V> (0x00000000e9cee160) 
thrown [s\open\src\hotspot\share\prims\jni.cpp, line 1107]
Event: 7.456 Thread 0x000002a673cd5830 Exception <a 'java/lang/NoSuchMethodError'{0x00000000e9b37628}: 'void java.lang.invoke.DirectMethodHandle$Holder.invokeVirtual(java.lang.Object, java.lang.Object)'> (0x00000000e9b37628) 
thrown [s\open\src\hotspot\share\interpreter\linkResolver.cpp, line 759]
Event: 7.501 Thread 0x000002a67645e960 Exception <a 'java/lang/NoSuchMethodError'{0x00000000e9a78340}: 'void java.lang.invoke.DirectMethodHandle$Holder.invokeStatic(java.lang.Object, long)'> (0x00000000e9a78340) 
thrown [s\open\src\hotspot\share\interpreter\linkResolver.cpp, line 759]
Event: 7.502 Thread 0x000002a67645e960 Exception <a 'java/lang/NoSuchMethodError'{0x00000000e9a7d6e8}: 'java.lang.Object java.lang.invoke.DirectMethodHandle$Holder.newInvokeSpecial(java.lang.Object, long)'> (0x00000000e9a7d6e8) 
thrown [s\open\src\hotspot\share\interpreter\linkResolver.cpp, line 759]
Event: 7.504 Thread 0x000002a67645e960 Exception <a 'java/lang/NoSuchMethodError'{0x00000000e9a84150}: 'java.lang.Object java.lang.invoke.DirectMethodHandle$Holder.invokeStatic(java.lang.Object, java.lang.Object, long, java.lang.Object)'> (0x00000000e9a84150) 
thrown [s\open\src\hotspot\share\interpreter\linkResolver.cpp, line 759]
Event: 7.505 Thread 0x000002a67645e960 Exception <a 'java/lang/NoSuchMethodError'{0x00000000e9a87928}: 'java.lang.Object java.lang.invoke.DirectMethodHandle$Holder.invokeStaticInit(java.lang.Object, java.lang.Object, long, java.lang.Object)'> (0x00000000e9a87928) 
thrown [s\open\src\hotspot\share\interpreter\linkResolver.cpp, line 759]

VM Operations (20 events):
Event: 6.532 Executing VM operation: ICBufferFull
Event: 6.533 Executing VM operation: ICBufferFull done
Event: 6.715 Executing VM operation: HandshakeAllThreads
Event: 6.716 Executing VM operation: HandshakeAllThreads done
Event: 6.742 Executing VM operation: HandshakeAllThreads
Event: 6.742 Executing VM operation: HandshakeAllThreads done
Event: 6.886 Executing VM operation: HandshakeAllThreads
Event: 6.886 Executing VM operation: HandshakeAllThreads done
Event: 6.896 Executing VM operation: HandshakeAllThreads
Event: 6.896 Executing VM operation: HandshakeAllThreads done
Event: 6.900 Executing VM operation: ICBufferFull
Event: 6.900 Executing VM operation: ICBufferFull done
Event: 7.145 Executing VM operation: ICBufferFull
Event: 7.145 Executing VM operation: ICBufferFull done
Event: 7.207 Executing VM operation: HandshakeAllThreads
Event: 7.207 Executing VM operation: HandshakeAllThreads done
Event: 7.209 Executing VM operation: HandshakeAllThreads
Event: 7.209 Executing VM operation: HandshakeAllThreads done
Event: 7.425 Executing VM operation: HandshakeAllThreads
Event: 7.425 Executing VM operation: HandshakeAllThreads done

Events (20 events):
Event: 7.253 loading class java/util/stream/ReferencePipeline$4$1 done
Event: 7.469 loading class java/util/stream/ReduceOps$2
Event: 7.469 loading class java/util/stream/ReduceOps$2 done
Event: 7.469 loading class java/util/stream/ReduceOps$2ReducingSink
Event: 7.470 loading class java/util/stream/ReduceOps$2ReducingSink done
Event: 7.476 Thread 0x000002a67645e960 Thread added: 0x000002a67645e960
Event: 7.478 loading class java/lang/ProcessImpl
Event: 7.479 loading class java/lang/ProcessImpl done
Event: 7.502 loading class java/lang/ProcessHandleImpl
Event: 7.503 loading class java/lang/ProcessHandleImpl done
Event: 7.506 loading class java/lang/ProcessImpl$2
Event: 7.506 loading class java/lang/ProcessImpl$2 done
Event: 7.506 loading class java/lang/Process$PipeInputStream
Event: 7.506 loading class java/lang/Process$PipeInputStream done
Event: 7.506 loading class jdk/internal/event/ProcessStartEvent
Event: 7.506 loading class jdk/internal/event/ProcessStartEvent done
Event: 7.508 Thread 0x000002a674b4cd60 Thread added: 0x000002a674b4cd60
Event: 7.509 Thread 0x000002a674b48ed0 Thread added: 0x000002a674b48ed0
Event: 7.509 Thread 0x000002a674b493a0 Thread added: 0x000002a674b493a0
Event: 7.509 Thread 0x000002a674b4bef0 Thread added: 0x000002a674b4bef0


Dynamic libraries:
0x00007ff746630000 - 0x00007ff746640000 	C:\Program Files\Java\jdk-17\bin\java.exe
0x00007ff99b5d0000 - 0x00007ff99b7e7000 	C:\WINDOWS\SYSTEM32\ntdll.dll
0x00007ff99a3c0000 - 0x00007ff99a484000 	C:\WINDOWS\System32\KERNEL32.DLL
0x00007ff998cb0000 - 0x00007ff999056000 	C:\WINDOWS\System32\KERNELBASE.dll
0x00007ff998b90000 - 0x00007ff998ca1000 	C:\WINDOWS\System32\ucrtbase.dll
0x00007ff94bec0000 - 0x00007ff94bed9000 	C:\Program Files\Java\jdk-17\bin\jli.dll
0x00007ff94bea0000 - 0x00007ff94bebb000 	C:\Program Files\Java\jdk-17\bin\VCRUNTIME140.dll
0x00007ff99b130000 - 0x00007ff99b1e0000 	C:\WINDOWS\System32\ADVAPI32.dll
0x00007ff99b4e0000 - 0x00007ff99b587000 	C:\WINDOWS\System32\msvcrt.dll
0x00007ff99b1e0000 - 0x00007ff99b286000 	C:\WINDOWS\System32\sechost.dll
0x00007ff99b290000 - 0x00007ff99b3a7000 	C:\WINDOWS\System32\RPCRT4.dll
0x00007ff999cb0000 - 0x00007ff999e5d000 	C:\WINDOWS\System32\USER32.dll
0x00007ff998950000 - 0x00007ff998976000 	C:\WINDOWS\System32\win32u.dll
0x00007ff96a530000 - 0x00007ff96a7c3000 	C:\WINDOWS\WinSxS\amd64_microsoft.windows.common-controls_6595b64144ccf1df_6.0.22621.2361_none_2712ced57382f843\COMCTL32.dll
0x00007ff999f10000 - 0x00007ff999f39000 	C:\WINDOWS\System32\GDI32.dll
0x00007ff998a70000 - 0x00007ff998b88000 	C:\WINDOWS\System32\gdi32full.dll
0x00007ff999120000 - 0x00007ff9991ba000 	C:\WINDOWS\System32\msvcp_win.dll
0x00007ff9898b0000 - 0x00007ff9898ba000 	C:\WINDOWS\SYSTEM32\VERSION.dll
0x00007ff99b0f0000 - 0x00007ff99b121000 	C:\WINDOWS\System32\IMM32.DLL
0x00007ff992720000 - 0x00007ff99272c000 	C:\Program Files\Java\jdk-17\bin\vcruntime140_1.dll
0x00007ff93a7b0000 - 0x00007ff93a83e000 	C:\Program Files\Java\jdk-17\bin\msvcp140.dll
0x00007ff8e3000000 - 0x00007ff8e3bde000 	C:\Program Files\Java\jdk-17\bin\server\jvm.dll
0x00007ff999ae0000 - 0x00007ff999ae8000 	C:\WINDOWS\System32\PSAPI.DLL
0x00007ff98f6f0000 - 0x00007ff98f724000 	C:\WINDOWS\SYSTEM32\WINMM.dll
0x00007ff9878b0000 - 0x00007ff9878b9000 	C:\WINDOWS\SYSTEM32\WSOCK32.dll
0x00007ff9997c0000 - 0x00007ff999831000 	C:\WINDOWS\System32\WS2_32.dll
0x00007ff997a20000 - 0x00007ff997a38000 	C:\WINDOWS\SYSTEM32\kernel.appcore.dll
0x00007ff98f810000 - 0x00007ff98f81a000 	C:\Program Files\Java\jdk-17\bin\jimage.dll
0x00007ff996410000 - 0x00007ff99663e000 	C:\WINDOWS\SYSTEM32\DBGHELP.DLL
0x00007ff999430000 - 0x00007ff9997ba000 	C:\WINDOWS\System32\combase.dll
0x00007ff99b3b0000 - 0x00007ff99b487000 	C:\WINDOWS\System32\OLEAUT32.dll
0x00007ff98c0d0000 - 0x00007ff98c102000 	C:\WINDOWS\SYSTEM32\dbgcore.DLL
0x00007ff9989f0000 - 0x00007ff998a6a000 	C:\WINDOWS\System32\bcryptPrimitives.dll
0x00007ff949e20000 - 0x00007ff949e45000 	C:\Program Files\Java\jdk-17\bin\java.dll
0x00007ff939d20000 - 0x00007ff939df7000 	C:\Program Files\Java\jdk-17\bin\jsvml.dll
0x00007ff99a890000 - 0x00007ff99b0e8000 	C:\WINDOWS\System32\SHELL32.dll
0x00007ff996860000 - 0x00007ff997152000 	C:\WINDOWS\SYSTEM32\windows.storage.dll
0x00007ff996720000 - 0x00007ff99685e000 	C:\WINDOWS\SYSTEM32\wintypes.dll
0x00007ff99a4c0000 - 0x00007ff99a5b3000 	C:\WINDOWS\System32\SHCORE.dll
0x00007ff999a20000 - 0x00007ff999a7e000 	C:\WINDOWS\System32\shlwapi.dll
0x00007ff998880000 - 0x00007ff9988a6000 	C:\WINDOWS\SYSTEM32\profapi.dll
0x00007ff944030000 - 0x00007ff944049000 	C:\Program Files\Java\jdk-17\bin\net.dll
0x00007ff990ae0000 - 0x00007ff990c17000 	C:\WINDOWS\SYSTEM32\WINHTTP.dll
0x00007ff997f00000 - 0x00007ff997f69000 	C:\WINDOWS\system32\mswsock.dll
0x00007ff943280000 - 0x00007ff943296000 	C:\Program Files\Java\jdk-17\bin\nio.dll
0x00007ff943260000 - 0x00007ff943278000 	C:\Program Files\Java\jdk-17\bin\zip.dll
0x00007ff943f40000 - 0x00007ff943f50000 	C:\Program Files\Java\jdk-17\bin\verify.dll
0x00007ff96bd40000 - 0x00007ff96bd67000 	C:\Users\Iv烱\.gradle\native\68d5fa5c4cc2d200863cafc0d521ce42e7d3e7ee720ec0a83991735586a16f82\windows-amd64\native-platform.dll
0x00007ff939bd0000 - 0x00007ff939d14000 	C:\Users\Iv烱\.gradle\native\e376f236ea51e6404a007f0833ffe2c6e607c4080706a723a18a27aeea778392\windows-amd64\native-platform-file-events.dll
0x00007ff994ee0000 - 0x00007ff994eea000 	C:\Program Files\Java\jdk-17\bin\management.dll
0x00007ff989f60000 - 0x00007ff989f6b000 	C:\Program Files\Java\jdk-17\bin\management_ext.dll
0x00007ff998150000 - 0x00007ff99816b000 	C:\WINDOWS\SYSTEM32\CRYPTSP.dll
0x00007ff9979e0000 - 0x00007ff997a15000 	C:\WINDOWS\system32\rsaenh.dll
0x00007ff997ff0000 - 0x00007ff99801c000 	C:\WINDOWS\SYSTEM32\USERENV.dll
0x00007ff9982f0000 - 0x00007ff998318000 	C:\WINDOWS\SYSTEM32\bcrypt.dll
0x00007ff998170000 - 0x00007ff99817c000 	C:\WINDOWS\SYSTEM32\CRYPTBASE.dll
0x00007ff997440000 - 0x00007ff99746d000 	C:\WINDOWS\SYSTEM32\IPHLPAPI.DLL
0x00007ff99a880000 - 0x00007ff99a889000 	C:\WINDOWS\System32\NSI.dll
0x00007ff98fe70000 - 0x00007ff98fe89000 	C:\WINDOWS\SYSTEM32\dhcpcsvc6.DLL
0x00007ff98fe50000 - 0x00007ff98fe6f000 	C:\WINDOWS\SYSTEM32\dhcpcsvc.DLL
0x00007ff9974b0000 - 0x00007ff9975a9000 	C:\WINDOWS\SYSTEM32\DNSAPI.dll
0x00007ff989f50000 - 0x00007ff989f5e000 	C:\Program Files\Java\jdk-17\bin\sunmscapi.dll
0x00007ff9991c0000 - 0x00007ff999326000 	C:\WINDOWS\System32\CRYPT32.dll
0x00007ff9982c0000 - 0x00007ff9982ed000 	C:\WINDOWS\SYSTEM32\ncrypt.dll
0x00007ff998280000 - 0x00007ff9982b7000 	C:\WINDOWS\SYSTEM32\NTASN1.dll
0x00007ff965d60000 - 0x00007ff965d68000 	C:\WINDOWS\system32\wshunix.dll

dbghelp: loaded successfully - version: 4.0.5 - missing functions: none
symbol engine: initialized successfully - sym options: 0x614 - pdb path: .;C:\Program Files\Java\jdk-17\bin;C:\WINDOWS\SYSTEM32;C:\WINDOWS\WinSxS\amd64_microsoft.windows.common-controls_6595b64144ccf1df_6.0.22621.2361_none_2712ced57382f843;C:\Program Files\Java\jdk-17\bin\server;C:\Users\Iv烱\.gradle\native\68d5fa5c4cc2d200863cafc0d521ce42e7d3e7ee720ec0a83991735586a16f82\windows-amd64;C:\Users\Iv烱\.gradle\native\e376f236ea51e6404a007f0833ffe2c6e607c4080706a723a18a27aeea778392\windows-amd64

VM Arguments:
jvm_args: --add-opens=java.base/java.util=ALL-UNNAMED --add-opens=java.base/java.lang=ALL-UNNAMED --add-opens=java.base/java.lang.invoke=ALL-UNNAMED --add-opens=java.prefs/java.util.prefs=ALL-UNNAMED --add-opens=java.base/java.nio.charset=ALL-UNNAMED --add-opens=java.base/java.net=ALL-UNNAMED --add-opens=java.base/java.util.concurrent.atomic=ALL-UNNAMED -XX:MaxMetaspaceSize=256m -XX:+HeapDumpOnOutOfMemoryError -Xms256m -Xmx512m -Dfile.encoding=windows-1252 -Duser.country=CO -Duser.language=es -Duser.variant 
java_command: org.gradle.launcher.daemon.bootstrap.GradleDaemon 7.6
java_class_path (initial): C:\Users\Iv烱\.gradle\wrapper\dists\gradle-7.6-bin\9l9tetv7ltxvx3i8an4pb86ye\gradle-7.6\lib\gradle-launcher-7.6.jar
Launcher Type: SUN_STANDARD

[Global flags]
     intx CICompilerCount                          = 4                                         {product} {ergonomic}
   size_t CompressedClassSpaceSize                 = 218103808                                 {product} {ergonomic}
     uint ConcGCThreads                            = 3                                         {product} {ergonomic}
     uint G1ConcRefinementThreads                  = 10                                        {product} {ergonomic}
   size_t G1HeapRegionSize                         = 1048576                                   {product} {ergonomic}
    uintx GCDrainStackTargetSize                   = 64                                        {product} {ergonomic}
     bool HeapDumpOnOutOfMemoryError               = true                                   {manageable} {command line}
   size_t InitialHeapSize                          = 268435456                                 {product} {command line}
   size_t MarkStackSize                            = 4194304                                   {product} {ergonomic}
   size_t MaxHeapSize                              = 536870912                                 {product} {command line}
   size_t MaxMetaspaceSize                         = 268435456                                 {product} {command line}
   size_t MaxNewSize                               = 321912832                                 {product} {ergonomic}
   size_t MinHeapDeltaBytes                        = 1048576                                   {product} {ergonomic}
   size_t MinHeapSize                              = 268435456                                 {product} {command line}
    uintx NonNMethodCodeHeapSize                   = 5839372                                {pd product} {ergonomic}
    uintx NonProfiledCodeHeapSize                  = 122909434                              {pd product} {ergonomic}
    uintx ProfiledCodeHeapSize                     = 122909434                              {pd product} {ergonomic}
    uintx ReservedCodeCacheSize                    = 251658240                              {pd product} {ergonomic}
     bool SegmentedCodeCache                       = true                                      {product} {ergonomic}
   size_t SoftMaxHeapSize                          = 536870912                              {manageable} {ergonomic}
     bool UseCompressedClassPointers               = true                           {product lp64_product} {ergonomic}
     bool UseCompressedOops                        = true                           {product lp64_product} {ergonomic}
     bool UseG1GC                                  = true                                      {product} {ergonomic}
     bool UseLargePagesIndividualAllocation        = false                                  {pd product} {ergonomic}

Logging:
Log output configuration:
 #0: stdout all=warning uptime,level,tags
 #1: stderr all=off uptime,level,tags

Environment Variables:
JAVA_HOME=C:\Program Files\Java\jdk-14.0.1\bin
PATH=C:\Program Files\NVIDIA GPU Computing Toolkit\CUDA\v11.7\bin;C:\Program Files\NVIDIA GPU Computing Toolkit\CUDA\v11.7\libnvvp;C:\Program Files\Java\jdk-19\bin;C:\Program Files\Common Files\Oracle\Java\javapath;C:\Windows\system32;C:\Windows;C:\Windows\System32\Wbem;C:\Windows\System32\WindowsPowerShell\v1.0\;C:\Windows\System32\OpenSSH\;C:\Program Files (x86)\NVIDIA Corporation\PhysX\Common;C:\Program Files\NVIDIA Corporation\NVIDIA NvDLISR;C:\Program Files\Git\cmd;C:\Program Files\dotnet\;C:\WINDOWS\system32;C:\WINDOWS;C:\WINDOWS\System32\Wbem;C:\WINDOWS\System32\WindowsPowerShell\v1.0\;C:\WINDOWS\System32\OpenSSH\;C:\Program Files\nodejs\;C:\Program Files\Java\jdk-14.0.1\bin;C:\Users\Iv烱\anaconda3;C:\Users\Iv烱\anaconda3\Scripts;C:\Users\Iv烱\anaconda3\Library\bin;C:\Users\Iv烱\anaconda3\Library\usr\bin;C:\Program Files\NVIDIA Corporation\Nsight Compute 2022.2.0\;C:\Program Files\NVIDIA GPU Computing Toolkit\CUDA\v11.7\lib\x64;C:\Program Files\NVIDIA GPU Computing Toolkit\CUDA\v11.7\include;C:\Users\Iv烱\AppData\Local\Microsoft\WindowsApps;;C:\Users\Iv烱\AppData\Local\Programs\Microsoft VS Code\bin;C:\Users\Iv烱\AppData\Roaming\npm
USERNAME=Iv烱
OS=Windows_NT
PROCESSOR_IDENTIFIER=Intel64 Family 6 Model 141 Stepping 1, GenuineIntel



---------------  S Y S T E M  ---------------

OS:
 Windows 11 , 64 bit Build 22621 (10.0.22621.2428)
OS uptime: 11 days 6:42 hours
Hyper-V role detected

CPU: total 12 (initial active 12) (6 cores per cpu, 2 threads per core) family 6 model 141 stepping 1 microcode 0x3c, cx8, cmov, fxsr, ht, mmx, 3dnowpref, sse, sse2, sse3, ssse3, sse4.1, sse4.2, popcnt, lzcnt, tsc, tscinvbit, avx, avx2, aes, erms, clmul, bmi1, bmi2, adx, avx512f, avx512dq, avx512cd, avx512bw, avx512vl, sha, fma, vzeroupper, avx512_vpopcntdq, avx512_vpclmulqdq, avx512_vaes, avx512_vnni, clflush, clflushopt, clwb, avx512_vbmi2, avx512_vbmi, hv

Memory: 4k page, system-wide physical 7955M (318M free)
TotalPageFile size 32531M (AvailPageFile size 5M)
current process WorkingSet (physical memory assigned to process): 317M, peak: 319M
current process commit charge ("private bytes"): 461M, peak: 463M

vm_info: Java HotSpot(TM) 64-Bit Server VM (17.0.8+9-LTS-211) for windows-amd64 JRE (17.0.8+9-LTS-211), built on Jun 14 2023 10:34:31 by "mach5one" with MS VC++ 17.1 (VS2022)

END.
